2023-11-02 17:11:25.577 INFO  [restartedMain] [c.example.thymeleaf.ThymeleafApplication] - Starting ThymeleafApplication using Java 17.0.7 on stu-08-019 with PID 11028 (D:\sangmin0816\springboot\thymeleaf\build\classes\java\main started by db400tea in D:\sangmin0816\springboot\thymeleaf)
2023-11-02 17:11:25.579 INFO  [restartedMain] [c.example.thymeleaf.ThymeleafApplication] - No active profile set, falling back to 1 default profile: "default"
2023-11-02 17:11:25.605 INFO  [restartedMain] [o.s.b.d.e.DevToolsPropertyDefaultsPostProcessor] - Devtools property defaults active! Set 'spring.devtools.add-properties' to 'false' to disable
2023-11-02 17:11:25.606 INFO  [restartedMain] [o.s.b.d.e.DevToolsPropertyDefaultsPostProcessor] - For additional web related logging consider setting the 'logging.level.web' property to 'DEBUG'
2023-11-02 17:11:25.981 WARN  [restartedMain] [o.m.spring.mapper.ClassPathMapperScanner] - No MyBatis mapper was found in '[com.example.thymeleaf]' package. Please check your configuration.
2023-11-02 17:11:26.256 INFO  [restartedMain] [o.s.b.w.embedded.tomcat.TomcatWebServer] - Tomcat initialized with port(s): 8085 (http)
2023-11-02 17:11:26.261 INFO  [restartedMain] [o.apache.coyote.http11.Http11NioProtocol] - Initializing ProtocolHandler ["http-nio-8085"]
2023-11-02 17:11:26.261 INFO  [restartedMain] [org.apache.catalina.core.StandardService] - Starting service [Tomcat]
2023-11-02 17:11:26.262 INFO  [restartedMain] [org.apache.catalina.core.StandardEngine] - Starting Servlet engine: [Apache Tomcat/9.0.82]
2023-11-02 17:11:26.301 INFO  [restartedMain] [o.a.c.c.C.[Tomcat].[localhost].[/]] - Initializing Spring embedded WebApplicationContext
2023-11-02 17:11:26.301 INFO  [restartedMain] [o.s.b.w.s.c.ServletWebServerApplicationContext] - Root WebApplicationContext: initialization completed in 694 ms
2023-11-02 17:11:26.555 WARN  [restartedMain] [o.s.b.a.s.s.UserDetailsServiceAutoConfiguration] - 

Using generated security password: 8dcb5122-5863-443f-81f4-9858b4933aa7

This generated password is for development use only. Your security configuration must be updated before running your application in production.

2023-11-02 17:11:26.631 INFO  [restartedMain] [o.s.s.web.DefaultSecurityFilterChain] - Will secure any request with [org.springframework.security.web.session.DisableEncodeUrlFilter@7659190d, org.springframework.security.web.context.request.async.WebAsyncManagerIntegrationFilter@68c10fa4, org.springframework.security.web.context.SecurityContextPersistenceFilter@4130c8e1, org.springframework.security.web.header.HeaderWriterFilter@46a6d4ad, org.springframework.security.web.csrf.CsrfFilter@3ced87dc, org.springframework.security.web.authentication.logout.LogoutFilter@571cb6fc, org.springframework.security.web.authentication.UsernamePasswordAuthenticationFilter@1f0cfbbf, org.springframework.security.web.authentication.ui.DefaultLoginPageGeneratingFilter@13455098, org.springframework.security.web.authentication.ui.DefaultLogoutPageGeneratingFilter@289c5d9b, org.springframework.security.web.authentication.www.BasicAuthenticationFilter@15717efc, org.springframework.security.web.savedrequest.RequestCacheAwareFilter@1c33d239, org.springframework.security.web.servletapi.SecurityContextHolderAwareRequestFilter@48408754, org.springframework.security.web.authentication.AnonymousAuthenticationFilter@69baa56f, org.springframework.security.web.session.SessionManagementFilter@74021529, org.springframework.security.web.access.ExceptionTranslationFilter@33bc50d9, org.springframework.security.web.access.intercept.FilterSecurityInterceptor@a9d24a9]
2023-11-02 17:11:26.665 INFO  [restartedMain] [o.s.b.d.a.OptionalLiveReloadServer] - LiveReload server is running on port 35729
2023-11-02 17:11:26.678 INFO  [restartedMain] [o.apache.coyote.http11.Http11NioProtocol] - Starting ProtocolHandler ["http-nio-8085"]
2023-11-02 17:11:26.694 INFO  [restartedMain] [o.s.b.w.embedded.tomcat.TomcatWebServer] - Tomcat started on port(s): 8085 (http) with context path ''
2023-11-02 17:11:26.701 INFO  [restartedMain] [c.example.thymeleaf.ThymeleafApplication] - Started ThymeleafApplication in 1.365 seconds (JVM running for 1.853)
2023-11-02 17:11:29.535 INFO  [restartedMain] [c.example.thymeleaf.ThymeleafApplication] - Starting ThymeleafApplication using Java 17.0.7 on stu-08-019 with PID 13636 (D:\sangmin0816\springboot\thymeleaf\build\classes\java\main started by db400tea in D:\sangmin0816\springboot\thymeleaf)
2023-11-02 17:11:29.536 INFO  [restartedMain] [c.example.thymeleaf.ThymeleafApplication] - No active profile set, falling back to 1 default profile: "default"
2023-11-02 17:11:29.559 INFO  [restartedMain] [o.s.b.d.e.DevToolsPropertyDefaultsPostProcessor] - Devtools property defaults active! Set 'spring.devtools.add-properties' to 'false' to disable
2023-11-02 17:11:29.559 INFO  [restartedMain] [o.s.b.d.e.DevToolsPropertyDefaultsPostProcessor] - For additional web related logging consider setting the 'logging.level.web' property to 'DEBUG'
2023-11-02 17:11:29.954 WARN  [restartedMain] [o.m.spring.mapper.ClassPathMapperScanner] - No MyBatis mapper was found in '[com.example.thymeleaf]' package. Please check your configuration.
2023-11-02 17:11:30.185 INFO  [restartedMain] [o.s.b.w.embedded.tomcat.TomcatWebServer] - Tomcat initialized with port(s): 8085 (http)
2023-11-02 17:11:30.189 INFO  [restartedMain] [o.apache.coyote.http11.Http11NioProtocol] - Initializing ProtocolHandler ["http-nio-8085"]
2023-11-02 17:11:30.190 INFO  [restartedMain] [org.apache.catalina.core.StandardService] - Starting service [Tomcat]
2023-11-02 17:11:30.190 INFO  [restartedMain] [org.apache.catalina.core.StandardEngine] - Starting Servlet engine: [Apache Tomcat/9.0.82]
2023-11-02 17:11:30.230 INFO  [restartedMain] [o.a.c.c.C.[Tomcat].[localhost].[/]] - Initializing Spring embedded WebApplicationContext
2023-11-02 17:11:30.230 INFO  [restartedMain] [o.s.b.w.s.c.ServletWebServerApplicationContext] - Root WebApplicationContext: initialization completed in 671 ms
2023-11-02 17:11:30.481 WARN  [restartedMain] [o.s.b.a.s.s.UserDetailsServiceAutoConfiguration] - 

Using generated security password: cc1fdf3a-c831-43a3-9dc8-c72eb1254e80

This generated password is for development use only. Your security configuration must be updated before running your application in production.

2023-11-02 17:11:30.532 INFO  [restartedMain] [o.s.s.web.DefaultSecurityFilterChain] - Will secure any request with [org.springframework.security.web.session.DisableEncodeUrlFilter@30604fef, org.springframework.security.web.context.request.async.WebAsyncManagerIntegrationFilter@2708a7a9, org.springframework.security.web.context.SecurityContextPersistenceFilter@3eb1d92c, org.springframework.security.web.header.HeaderWriterFilter@30c0020b, org.springframework.security.web.csrf.CsrfFilter@6d3cb153, org.springframework.security.web.authentication.logout.LogoutFilter@3ff51dc2, org.springframework.security.web.authentication.UsernamePasswordAuthenticationFilter@691e55ad, org.springframework.security.web.authentication.ui.DefaultLoginPageGeneratingFilter@6f73550d, org.springframework.security.web.authentication.ui.DefaultLogoutPageGeneratingFilter@2cdfa8fc, org.springframework.security.web.authentication.www.BasicAuthenticationFilter@1d3149db, org.springframework.security.web.savedrequest.RequestCacheAwareFilter@6b53874f, org.springframework.security.web.servletapi.SecurityContextHolderAwareRequestFilter@5ad193c6, org.springframework.security.web.authentication.AnonymousAuthenticationFilter@2e804c18, org.springframework.security.web.session.SessionManagementFilter@6aad6c9, org.springframework.security.web.access.ExceptionTranslationFilter@18b29432, org.springframework.security.web.access.intercept.FilterSecurityInterceptor@627a3059]
2023-11-02 17:11:30.552 INFO  [restartedMain] [o.s.b.d.a.OptionalLiveReloadServer] - LiveReload server is running on port 35729
2023-11-02 17:11:30.562 INFO  [restartedMain] [o.apache.coyote.http11.Http11NioProtocol] - Starting ProtocolHandler ["http-nio-8085"]
2023-11-02 17:11:30.572 INFO  [restartedMain] [o.s.b.w.embedded.tomcat.TomcatWebServer] - Tomcat started on port(s): 8085 (http) with context path ''
2023-11-02 17:11:30.578 INFO  [restartedMain] [c.example.thymeleaf.ThymeleafApplication] - Started ThymeleafApplication in 1.213 seconds (JVM running for 1.691)
2023-11-02 17:11:39.712 INFO  [http-nio-8085-exec-1] [o.a.c.c.C.[Tomcat].[localhost].[/]] - Initializing Spring DispatcherServlet 'dispatcherServlet'
2023-11-02 17:11:39.712 INFO  [http-nio-8085-exec-1] [o.s.web.servlet.DispatcherServlet] - Initializing Servlet 'dispatcherServlet'
2023-11-02 17:11:39.713 INFO  [http-nio-8085-exec-1] [o.s.web.servlet.DispatcherServlet] - Completed initialization in 1 ms
2023-11-02 17:12:00.143 INFO  [restartedMain] [c.example.thymeleaf.ThymeleafApplication] - Starting ThymeleafApplication using Java 17.0.7 on stu-08-019 with PID 15016 (D:\sangmin0816\springboot\thymeleaf\build\classes\java\main started by db400tea in D:\sangmin0816\springboot\thymeleaf)
2023-11-02 17:12:00.147 INFO  [restartedMain] [c.example.thymeleaf.ThymeleafApplication] - No active profile set, falling back to 1 default profile: "default"
2023-11-02 17:12:00.187 INFO  [restartedMain] [o.s.b.d.e.DevToolsPropertyDefaultsPostProcessor] - Devtools property defaults active! Set 'spring.devtools.add-properties' to 'false' to disable
2023-11-02 17:12:00.188 INFO  [restartedMain] [o.s.b.d.e.DevToolsPropertyDefaultsPostProcessor] - For additional web related logging consider setting the 'logging.level.web' property to 'DEBUG'
2023-11-02 17:12:00.611 WARN  [restartedMain] [o.m.spring.mapper.ClassPathMapperScanner] - No MyBatis mapper was found in '[com.example.thymeleaf]' package. Please check your configuration.
2023-11-02 17:12:00.835 INFO  [restartedMain] [o.s.b.w.embedded.tomcat.TomcatWebServer] - Tomcat initialized with port(s): 8085 (http)
2023-11-02 17:12:00.840 INFO  [restartedMain] [o.apache.coyote.http11.Http11NioProtocol] - Initializing ProtocolHandler ["http-nio-8085"]
2023-11-02 17:12:00.841 INFO  [restartedMain] [org.apache.catalina.core.StandardService] - Starting service [Tomcat]
2023-11-02 17:12:00.841 INFO  [restartedMain] [org.apache.catalina.core.StandardEngine] - Starting Servlet engine: [Apache Tomcat/9.0.82]
2023-11-02 17:12:00.882 INFO  [restartedMain] [o.a.c.c.C.[Tomcat].[localhost].[/]] - Initializing Spring embedded WebApplicationContext
2023-11-02 17:12:00.883 INFO  [restartedMain] [o.s.b.w.s.c.ServletWebServerApplicationContext] - Root WebApplicationContext: initialization completed in 695 ms
2023-11-02 17:12:01.194 WARN  [restartedMain] [o.s.b.a.s.s.UserDetailsServiceAutoConfiguration] - 

Using generated security password: c191d98f-824b-4819-8a24-03ccad728b15

This generated password is for development use only. Your security configuration must be updated before running your application in production.

2023-11-02 17:12:01.255 INFO  [restartedMain] [o.s.s.web.DefaultSecurityFilterChain] - Will secure any request with [org.springframework.security.web.session.DisableEncodeUrlFilter@75cdd560, org.springframework.security.web.context.request.async.WebAsyncManagerIntegrationFilter@2f9f1644, org.springframework.security.web.context.SecurityContextPersistenceFilter@62307367, org.springframework.security.web.header.HeaderWriterFilter@7c6a2178, org.springframework.security.web.csrf.CsrfFilter@597f0fd2, org.springframework.security.web.authentication.logout.LogoutFilter@55b0394, org.springframework.security.web.authentication.UsernamePasswordAuthenticationFilter@5f21d82f, org.springframework.security.web.authentication.ui.DefaultLoginPageGeneratingFilter@746179d4, org.springframework.security.web.authentication.ui.DefaultLogoutPageGeneratingFilter@22191a0b, org.springframework.security.web.authentication.www.BasicAuthenticationFilter@4a220558, org.springframework.security.web.savedrequest.RequestCacheAwareFilter@1f58aaea, org.springframework.security.web.servletapi.SecurityContextHolderAwareRequestFilter@61fdab94, org.springframework.security.web.authentication.AnonymousAuthenticationFilter@c929b34, org.springframework.security.web.session.SessionManagementFilter@4ae00390, org.springframework.security.web.access.ExceptionTranslationFilter@199cda71, org.springframework.security.web.access.intercept.FilterSecurityInterceptor@68a22ec6]
2023-11-02 17:12:01.282 INFO  [restartedMain] [o.s.b.d.a.OptionalLiveReloadServer] - LiveReload server is running on port 35729
2023-11-02 17:12:01.294 INFO  [restartedMain] [o.apache.coyote.http11.Http11NioProtocol] - Starting ProtocolHandler ["http-nio-8085"]
2023-11-02 17:12:01.305 INFO  [restartedMain] [o.s.b.w.embedded.tomcat.TomcatWebServer] - Tomcat started on port(s): 8085 (http) with context path ''
2023-11-02 17:12:01.313 INFO  [restartedMain] [c.example.thymeleaf.ThymeleafApplication] - Started ThymeleafApplication in 1.481 seconds (JVM running for 1.911)
2023-11-02 17:12:07.936 INFO  [http-nio-8085-exec-1] [o.a.c.c.C.[Tomcat].[localhost].[/]] - Initializing Spring DispatcherServlet 'dispatcherServlet'
2023-11-02 17:12:07.936 INFO  [http-nio-8085-exec-1] [o.s.web.servlet.DispatcherServlet] - Initializing Servlet 'dispatcherServlet'
2023-11-02 17:12:07.936 INFO  [http-nio-8085-exec-1] [o.s.web.servlet.DispatcherServlet] - Completed initialization in 0 ms
2023-11-02 17:12:27.289 INFO  [restartedMain] [c.example.thymeleaf.ThymeleafApplication] - Starting ThymeleafApplication using Java 17.0.7 on stu-08-019 with PID 7364 (D:\sangmin0816\springboot\thymeleaf\build\classes\java\main started by db400tea in D:\sangmin0816\springboot\thymeleaf)
2023-11-02 17:12:27.291 INFO  [restartedMain] [c.example.thymeleaf.ThymeleafApplication] - No active profile set, falling back to 1 default profile: "default"
2023-11-02 17:12:27.316 INFO  [restartedMain] [o.s.b.d.e.DevToolsPropertyDefaultsPostProcessor] - Devtools property defaults active! Set 'spring.devtools.add-properties' to 'false' to disable
2023-11-02 17:12:27.316 INFO  [restartedMain] [o.s.b.d.e.DevToolsPropertyDefaultsPostProcessor] - For additional web related logging consider setting the 'logging.level.web' property to 'DEBUG'
2023-11-02 17:12:27.629 WARN  [restartedMain] [o.m.spring.mapper.ClassPathMapperScanner] - No MyBatis mapper was found in '[com.example.thymeleaf]' package. Please check your configuration.
2023-11-02 17:12:27.832 INFO  [restartedMain] [o.s.b.w.embedded.tomcat.TomcatWebServer] - Tomcat initialized with port(s): 8085 (http)
2023-11-02 17:12:27.837 INFO  [restartedMain] [o.apache.coyote.http11.Http11NioProtocol] - Initializing ProtocolHandler ["http-nio-8085"]
2023-11-02 17:12:27.838 INFO  [restartedMain] [org.apache.catalina.core.StandardService] - Starting service [Tomcat]
2023-11-02 17:12:27.838 INFO  [restartedMain] [org.apache.catalina.core.StandardEngine] - Starting Servlet engine: [Apache Tomcat/9.0.82]
2023-11-02 17:12:27.872 INFO  [restartedMain] [o.a.c.c.C.[Tomcat].[localhost].[/]] - Initializing Spring embedded WebApplicationContext
2023-11-02 17:12:27.872 INFO  [restartedMain] [o.s.b.w.s.c.ServletWebServerApplicationContext] - Root WebApplicationContext: initialization completed in 556 ms
2023-11-02 17:12:28.119 INFO  [restartedMain] [o.s.b.d.a.OptionalLiveReloadServer] - LiveReload server is running on port 35729
2023-11-02 17:12:28.126 INFO  [restartedMain] [o.apache.coyote.http11.Http11NioProtocol] - Starting ProtocolHandler ["http-nio-8085"]
2023-11-02 17:12:28.137 INFO  [restartedMain] [o.s.b.w.embedded.tomcat.TomcatWebServer] - Tomcat started on port(s): 8085 (http) with context path ''
2023-11-02 17:12:28.143 INFO  [restartedMain] [c.example.thymeleaf.ThymeleafApplication] - Started ThymeleafApplication in 1.025 seconds (JVM running for 1.498)
2023-11-02 17:12:30.835 INFO  [http-nio-8085-exec-1] [o.a.c.c.C.[Tomcat].[localhost].[/]] - Initializing Spring DispatcherServlet 'dispatcherServlet'
2023-11-02 17:12:30.835 INFO  [http-nio-8085-exec-1] [o.s.web.servlet.DispatcherServlet] - Initializing Servlet 'dispatcherServlet'
2023-11-02 17:12:30.836 INFO  [http-nio-8085-exec-1] [o.s.web.servlet.DispatcherServlet] - Completed initialization in 1 ms
2023-11-02 17:12:48.098 INFO  [restartedMain] [c.example.thymeleaf.ThymeleafApplication] - Starting ThymeleafApplication using Java 17.0.7 on stu-08-019 with PID 10304 (D:\sangmin0816\springboot\thymeleaf\build\classes\java\main started by db400tea in D:\sangmin0816\springboot\thymeleaf)
2023-11-02 17:12:48.099 INFO  [restartedMain] [c.example.thymeleaf.ThymeleafApplication] - No active profile set, falling back to 1 default profile: "default"
2023-11-02 17:12:48.122 INFO  [restartedMain] [o.s.b.d.e.DevToolsPropertyDefaultsPostProcessor] - Devtools property defaults active! Set 'spring.devtools.add-properties' to 'false' to disable
2023-11-02 17:12:48.122 INFO  [restartedMain] [o.s.b.d.e.DevToolsPropertyDefaultsPostProcessor] - For additional web related logging consider setting the 'logging.level.web' property to 'DEBUG'
2023-11-02 17:12:48.439 WARN  [restartedMain] [o.m.spring.mapper.ClassPathMapperScanner] - No MyBatis mapper was found in '[com.example.thymeleaf]' package. Please check your configuration.
2023-11-02 17:12:48.649 INFO  [restartedMain] [o.s.b.w.embedded.tomcat.TomcatWebServer] - Tomcat initialized with port(s): 8085 (http)
2023-11-02 17:12:48.653 INFO  [restartedMain] [o.apache.coyote.http11.Http11NioProtocol] - Initializing ProtocolHandler ["http-nio-8085"]
2023-11-02 17:12:48.654 INFO  [restartedMain] [org.apache.catalina.core.StandardService] - Starting service [Tomcat]
2023-11-02 17:12:48.654 INFO  [restartedMain] [org.apache.catalina.core.StandardEngine] - Starting Servlet engine: [Apache Tomcat/9.0.82]
2023-11-02 17:12:48.693 INFO  [restartedMain] [o.a.c.c.C.[Tomcat].[localhost].[/]] - Initializing Spring embedded WebApplicationContext
2023-11-02 17:12:48.693 INFO  [restartedMain] [o.s.b.w.s.c.ServletWebServerApplicationContext] - Root WebApplicationContext: initialization completed in 570 ms
2023-11-02 17:12:48.952 WARN  [restartedMain] [o.s.b.a.s.s.UserDetailsServiceAutoConfiguration] - 

Using generated security password: aa3f7acd-d44a-4d10-adb8-e338b86a8ebf

This generated password is for development use only. Your security configuration must be updated before running your application in production.

2023-11-02 17:12:49.001 INFO  [restartedMain] [o.s.s.web.DefaultSecurityFilterChain] - Will secure any request with [org.springframework.security.web.session.DisableEncodeUrlFilter@44cab0c5, org.springframework.security.web.context.request.async.WebAsyncManagerIntegrationFilter@2204282, org.springframework.security.web.context.SecurityContextPersistenceFilter@30972e6b, org.springframework.security.web.header.HeaderWriterFilter@13a5d857, org.springframework.security.web.csrf.CsrfFilter@498c0ff1, org.springframework.security.web.authentication.logout.LogoutFilter@5c2ccb66, org.springframework.security.web.authentication.UsernamePasswordAuthenticationFilter@2fbdb698, org.springframework.security.web.authentication.ui.DefaultLoginPageGeneratingFilter@25109364, org.springframework.security.web.authentication.ui.DefaultLogoutPageGeneratingFilter@cc3bb47, org.springframework.security.web.authentication.www.BasicAuthenticationFilter@261c0618, org.springframework.security.web.savedrequest.RequestCacheAwareFilter@5d3c627f, org.springframework.security.web.servletapi.SecurityContextHolderAwareRequestFilter@2ff9c2d8, org.springframework.security.web.authentication.AnonymousAuthenticationFilter@66254a21, org.springframework.security.web.session.SessionManagementFilter@1cedd57c, org.springframework.security.web.access.ExceptionTranslationFilter@944298b, org.springframework.security.web.access.intercept.FilterSecurityInterceptor@672ba915]
2023-11-02 17:12:49.022 INFO  [restartedMain] [o.s.b.d.a.OptionalLiveReloadServer] - LiveReload server is running on port 35729
2023-11-02 17:12:49.031 INFO  [restartedMain] [o.apache.coyote.http11.Http11NioProtocol] - Starting ProtocolHandler ["http-nio-8085"]
2023-11-02 17:12:49.041 INFO  [restartedMain] [o.s.b.w.embedded.tomcat.TomcatWebServer] - Tomcat started on port(s): 8085 (http) with context path ''
2023-11-02 17:12:49.047 INFO  [restartedMain] [c.example.thymeleaf.ThymeleafApplication] - Started ThymeleafApplication in 1.157 seconds (JVM running for 1.591)
2023-11-02 17:14:00.212 INFO  [restartedMain] [c.example.thymeleaf.ThymeleafApplication] - Starting ThymeleafApplication using Java 17.0.7 on stu-08-019 with PID 5764 (D:\sangmin0816\springboot\thymeleaf\build\classes\java\main started by db400tea in D:\sangmin0816\springboot\thymeleaf)
2023-11-02 17:14:00.214 INFO  [restartedMain] [c.example.thymeleaf.ThymeleafApplication] - No active profile set, falling back to 1 default profile: "default"
2023-11-02 17:14:00.238 INFO  [restartedMain] [o.s.b.d.e.DevToolsPropertyDefaultsPostProcessor] - Devtools property defaults active! Set 'spring.devtools.add-properties' to 'false' to disable
2023-11-02 17:14:00.238 INFO  [restartedMain] [o.s.b.d.e.DevToolsPropertyDefaultsPostProcessor] - For additional web related logging consider setting the 'logging.level.web' property to 'DEBUG'
2023-11-02 17:14:00.567 WARN  [restartedMain] [o.m.spring.mapper.ClassPathMapperScanner] - No MyBatis mapper was found in '[com.example.thymeleaf]' package. Please check your configuration.
2023-11-02 17:14:00.795 INFO  [restartedMain] [o.s.b.w.embedded.tomcat.TomcatWebServer] - Tomcat initialized with port(s): 8085 (http)
2023-11-02 17:14:00.800 INFO  [restartedMain] [o.apache.coyote.http11.Http11NioProtocol] - Initializing ProtocolHandler ["http-nio-8085"]
2023-11-02 17:14:00.801 INFO  [restartedMain] [org.apache.catalina.core.StandardService] - Starting service [Tomcat]
2023-11-02 17:14:00.801 INFO  [restartedMain] [org.apache.catalina.core.StandardEngine] - Starting Servlet engine: [Apache Tomcat/9.0.82]
2023-11-02 17:14:00.839 INFO  [restartedMain] [o.a.c.c.C.[Tomcat].[localhost].[/]] - Initializing Spring embedded WebApplicationContext
2023-11-02 17:14:00.839 INFO  [restartedMain] [o.s.b.w.s.c.ServletWebServerApplicationContext] - Root WebApplicationContext: initialization completed in 601 ms
2023-11-02 17:14:00.910 WARN  [restartedMain] [o.s.b.a.s.s.UserDetailsServiceAutoConfiguration] - 

Using generated security password: 35ae2f96-4166-4c63-83e9-a0107b22d69f

This generated password is for development use only. Your security configuration must be updated before running your application in production.

2023-11-02 17:14:01.049 INFO  [restartedMain] [o.s.s.web.DefaultSecurityFilterChain] - Will secure any request with [org.springframework.security.web.session.DisableEncodeUrlFilter@658fdb30, org.springframework.security.web.context.request.async.WebAsyncManagerIntegrationFilter@2ea40abe, org.springframework.security.web.context.SecurityContextPersistenceFilter@2e5e443d, org.springframework.security.web.header.HeaderWriterFilter@6cdda420, org.springframework.security.web.authentication.logout.LogoutFilter@3eadbde5, org.springframework.security.web.authentication.UsernamePasswordAuthenticationFilter@37babaef, org.springframework.security.web.session.ConcurrentSessionFilter@64f643e, org.springframework.security.web.savedrequest.RequestCacheAwareFilter@6ec3b817, org.springframework.security.web.servletapi.SecurityContextHolderAwareRequestFilter@79a713c9, org.springframework.security.web.authentication.AnonymousAuthenticationFilter@f00a978, org.springframework.security.web.session.SessionManagementFilter@6d9a72d6, org.springframework.security.web.access.ExceptionTranslationFilter@2a8ba0e, org.springframework.security.web.access.intercept.FilterSecurityInterceptor@b453a4]
2023-11-02 17:14:01.217 INFO  [restartedMain] [o.s.b.d.a.OptionalLiveReloadServer] - LiveReload server is running on port 35729
2023-11-02 17:14:01.227 INFO  [restartedMain] [o.apache.coyote.http11.Http11NioProtocol] - Starting ProtocolHandler ["http-nio-8085"]
2023-11-02 17:14:01.238 INFO  [restartedMain] [o.s.b.w.embedded.tomcat.TomcatWebServer] - Tomcat started on port(s): 8085 (http) with context path ''
2023-11-02 17:14:01.245 INFO  [restartedMain] [c.example.thymeleaf.ThymeleafApplication] - Started ThymeleafApplication in 1.195 seconds (JVM running for 1.548)
2023-11-02 17:14:05.441 INFO  [http-nio-8085-exec-1] [o.a.c.c.C.[Tomcat].[localhost].[/]] - Initializing Spring DispatcherServlet 'dispatcherServlet'
2023-11-02 17:14:05.441 INFO  [http-nio-8085-exec-1] [o.s.web.servlet.DispatcherServlet] - Initializing Servlet 'dispatcherServlet'
2023-11-02 17:14:05.442 INFO  [http-nio-8085-exec-1] [o.s.web.servlet.DispatcherServlet] - Completed initialization in 0 ms
2023-11-02 17:14:24.401 INFO  [restartedMain] [c.example.thymeleaf.ThymeleafApplication] - Starting ThymeleafApplication using Java 17.0.7 on stu-08-019 with PID 5940 (D:\sangmin0816\springboot\thymeleaf\build\classes\java\main started by db400tea in D:\sangmin0816\springboot\thymeleaf)
2023-11-02 17:14:24.403 INFO  [restartedMain] [c.example.thymeleaf.ThymeleafApplication] - No active profile set, falling back to 1 default profile: "default"
2023-11-02 17:14:24.455 INFO  [restartedMain] [o.s.b.d.e.DevToolsPropertyDefaultsPostProcessor] - Devtools property defaults active! Set 'spring.devtools.add-properties' to 'false' to disable
2023-11-02 17:14:24.456 INFO  [restartedMain] [o.s.b.d.e.DevToolsPropertyDefaultsPostProcessor] - For additional web related logging consider setting the 'logging.level.web' property to 'DEBUG'
2023-11-02 17:14:25.061 WARN  [restartedMain] [o.m.spring.mapper.ClassPathMapperScanner] - No MyBatis mapper was found in '[com.example.thymeleaf]' package. Please check your configuration.
2023-11-02 17:14:25.303 INFO  [restartedMain] [o.s.b.w.embedded.tomcat.TomcatWebServer] - Tomcat initialized with port(s): 8085 (http)
2023-11-02 17:14:25.308 INFO  [restartedMain] [o.apache.coyote.http11.Http11NioProtocol] - Initializing ProtocolHandler ["http-nio-8085"]
2023-11-02 17:14:25.308 INFO  [restartedMain] [org.apache.catalina.core.StandardService] - Starting service [Tomcat]
2023-11-02 17:14:25.309 INFO  [restartedMain] [org.apache.catalina.core.StandardEngine] - Starting Servlet engine: [Apache Tomcat/9.0.82]
2023-11-02 17:14:25.342 INFO  [restartedMain] [o.a.c.c.C.[Tomcat].[localhost].[/]] - Initializing Spring embedded WebApplicationContext
2023-11-02 17:14:25.342 INFO  [restartedMain] [o.s.b.w.s.c.ServletWebServerApplicationContext] - Root WebApplicationContext: initialization completed in 886 ms
2023-11-02 17:14:25.390 WARN  [restartedMain] [o.s.b.a.s.s.UserDetailsServiceAutoConfiguration] - 

Using generated security password: e5fb0cfa-54af-444c-9d4f-a39431e8aa5d

This generated password is for development use only. Your security configuration must be updated before running your application in production.

2023-11-02 17:14:25.519 INFO  [restartedMain] [o.s.s.web.DefaultSecurityFilterChain] - Will secure any request with [org.springframework.security.web.session.DisableEncodeUrlFilter@18435809, org.springframework.security.web.context.request.async.WebAsyncManagerIntegrationFilter@3c1368c3, org.springframework.security.web.context.SecurityContextPersistenceFilter@25c32458, org.springframework.security.web.header.HeaderWriterFilter@70ce7204, org.springframework.security.web.authentication.logout.LogoutFilter@6677a98, org.springframework.security.web.authentication.UsernamePasswordAuthenticationFilter@14791622, org.springframework.security.web.session.ConcurrentSessionFilter@7f77650f, org.springframework.security.web.savedrequest.RequestCacheAwareFilter@2e9abc79, org.springframework.security.web.servletapi.SecurityContextHolderAwareRequestFilter@764036fd, org.springframework.security.web.authentication.AnonymousAuthenticationFilter@69d4c768, org.springframework.security.web.session.SessionManagementFilter@2c2c84cd, org.springframework.security.web.access.ExceptionTranslationFilter@442c3677, org.springframework.security.web.access.intercept.FilterSecurityInterceptor@7809744b]
2023-11-02 17:14:25.673 INFO  [restartedMain] [o.s.b.d.a.OptionalLiveReloadServer] - LiveReload server is running on port 35729
2023-11-02 17:14:25.681 INFO  [restartedMain] [o.apache.coyote.http11.Http11NioProtocol] - Starting ProtocolHandler ["http-nio-8085"]
2023-11-02 17:14:25.691 INFO  [restartedMain] [o.s.b.w.embedded.tomcat.TomcatWebServer] - Tomcat started on port(s): 8085 (http) with context path ''
2023-11-02 17:14:25.697 INFO  [restartedMain] [c.example.thymeleaf.ThymeleafApplication] - Started ThymeleafApplication in 1.501 seconds (JVM running for 1.927)
2023-11-02 17:14:39.703 INFO  [restartedMain] [c.example.thymeleaf.ThymeleafApplication] - Starting ThymeleafApplication using Java 17.0.7 on stu-08-019 with PID 12660 (D:\sangmin0816\springboot\thymeleaf\build\classes\java\main started by db400tea in D:\sangmin0816\springboot\thymeleaf)
2023-11-02 17:14:39.704 INFO  [restartedMain] [c.example.thymeleaf.ThymeleafApplication] - No active profile set, falling back to 1 default profile: "default"
2023-11-02 17:14:39.730 INFO  [restartedMain] [o.s.b.d.e.DevToolsPropertyDefaultsPostProcessor] - Devtools property defaults active! Set 'spring.devtools.add-properties' to 'false' to disable
2023-11-02 17:14:39.730 INFO  [restartedMain] [o.s.b.d.e.DevToolsPropertyDefaultsPostProcessor] - For additional web related logging consider setting the 'logging.level.web' property to 'DEBUG'
2023-11-02 17:14:40.060 WARN  [restartedMain] [o.m.spring.mapper.ClassPathMapperScanner] - No MyBatis mapper was found in '[com.example.thymeleaf]' package. Please check your configuration.
2023-11-02 17:14:40.277 INFO  [restartedMain] [o.s.b.w.embedded.tomcat.TomcatWebServer] - Tomcat initialized with port(s): 8085 (http)
2023-11-02 17:14:40.282 INFO  [restartedMain] [o.apache.coyote.http11.Http11NioProtocol] - Initializing ProtocolHandler ["http-nio-8085"]
2023-11-02 17:14:40.282 INFO  [restartedMain] [org.apache.catalina.core.StandardService] - Starting service [Tomcat]
2023-11-02 17:14:40.282 INFO  [restartedMain] [org.apache.catalina.core.StandardEngine] - Starting Servlet engine: [Apache Tomcat/9.0.82]
2023-11-02 17:14:40.324 INFO  [restartedMain] [o.a.c.c.C.[Tomcat].[localhost].[/]] - Initializing Spring embedded WebApplicationContext
2023-11-02 17:14:40.324 INFO  [restartedMain] [o.s.b.w.s.c.ServletWebServerApplicationContext] - Root WebApplicationContext: initialization completed in 593 ms
2023-11-02 17:14:40.374 WARN  [restartedMain] [o.s.b.a.s.s.UserDetailsServiceAutoConfiguration] - 

Using generated security password: daf11afe-172a-4788-8551-59ad4802c89c

This generated password is for development use only. Your security configuration must be updated before running your application in production.

2023-11-02 17:14:40.500 INFO  [restartedMain] [o.s.s.web.DefaultSecurityFilterChain] - Will secure any request with [org.springframework.security.web.session.DisableEncodeUrlFilter@6025b102, org.springframework.security.web.context.request.async.WebAsyncManagerIntegrationFilter@4dc8c9ca, org.springframework.security.web.context.SecurityContextPersistenceFilter@701c7ea1, org.springframework.security.web.header.HeaderWriterFilter@30f2ff84, org.springframework.security.web.authentication.logout.LogoutFilter@687549ec, org.springframework.security.web.authentication.UsernamePasswordAuthenticationFilter@26b15356, org.springframework.security.web.session.ConcurrentSessionFilter@662db34b, org.springframework.security.web.savedrequest.RequestCacheAwareFilter@35c047ba, org.springframework.security.web.servletapi.SecurityContextHolderAwareRequestFilter@4e96e021, org.springframework.security.web.authentication.AnonymousAuthenticationFilter@6a9b54c, org.springframework.security.web.session.SessionManagementFilter@6ec7cc1a, org.springframework.security.web.access.ExceptionTranslationFilter@53295e35, org.springframework.security.web.access.intercept.FilterSecurityInterceptor@da719fa]
2023-11-02 17:14:40.655 INFO  [restartedMain] [o.s.b.d.a.OptionalLiveReloadServer] - LiveReload server is running on port 35729
2023-11-02 17:14:40.663 INFO  [restartedMain] [o.apache.coyote.http11.Http11NioProtocol] - Starting ProtocolHandler ["http-nio-8085"]
2023-11-02 17:14:40.674 INFO  [restartedMain] [o.s.b.w.embedded.tomcat.TomcatWebServer] - Tomcat started on port(s): 8085 (http) with context path ''
2023-11-02 17:14:40.681 INFO  [restartedMain] [c.example.thymeleaf.ThymeleafApplication] - Started ThymeleafApplication in 1.153 seconds (JVM running for 1.569)
2023-11-02 17:14:44.887 INFO  [http-nio-8085-exec-1] [o.a.c.c.C.[Tomcat].[localhost].[/]] - Initializing Spring DispatcherServlet 'dispatcherServlet'
2023-11-02 17:14:44.887 INFO  [http-nio-8085-exec-1] [o.s.web.servlet.DispatcherServlet] - Initializing Servlet 'dispatcherServlet'
2023-11-02 17:14:44.887 INFO  [http-nio-8085-exec-1] [o.s.web.servlet.DispatcherServlet] - Completed initialization in 0 ms
2023-11-02 17:16:39.370 INFO  [restartedMain] [c.example.thymeleaf.ThymeleafApplication] - Starting ThymeleafApplication using Java 17.0.7 on stu-08-019 with PID 12068 (D:\sangmin0816\springboot\thymeleaf\build\classes\java\main started by db400tea in D:\sangmin0816\springboot\thymeleaf)
2023-11-02 17:16:39.372 INFO  [restartedMain] [c.example.thymeleaf.ThymeleafApplication] - No active profile set, falling back to 1 default profile: "default"
2023-11-02 17:16:39.397 INFO  [restartedMain] [o.s.b.d.e.DevToolsPropertyDefaultsPostProcessor] - Devtools property defaults active! Set 'spring.devtools.add-properties' to 'false' to disable
2023-11-02 17:16:39.397 INFO  [restartedMain] [o.s.b.d.e.DevToolsPropertyDefaultsPostProcessor] - For additional web related logging consider setting the 'logging.level.web' property to 'DEBUG'
2023-11-02 17:16:39.735 WARN  [restartedMain] [o.m.spring.mapper.ClassPathMapperScanner] - No MyBatis mapper was found in '[com.example.thymeleaf]' package. Please check your configuration.
2023-11-02 17:16:39.955 INFO  [restartedMain] [o.s.b.w.embedded.tomcat.TomcatWebServer] - Tomcat initialized with port(s): 8085 (http)
2023-11-02 17:16:39.959 INFO  [restartedMain] [o.apache.coyote.http11.Http11NioProtocol] - Initializing ProtocolHandler ["http-nio-8085"]
2023-11-02 17:16:39.960 INFO  [restartedMain] [org.apache.catalina.core.StandardService] - Starting service [Tomcat]
2023-11-02 17:16:39.960 INFO  [restartedMain] [org.apache.catalina.core.StandardEngine] - Starting Servlet engine: [Apache Tomcat/9.0.82]
2023-11-02 17:16:39.991 INFO  [restartedMain] [o.a.c.c.C.[Tomcat].[localhost].[/]] - Initializing Spring embedded WebApplicationContext
2023-11-02 17:16:39.991 INFO  [restartedMain] [o.s.b.w.s.c.ServletWebServerApplicationContext] - Root WebApplicationContext: initialization completed in 594 ms
2023-11-02 17:16:40.043 WARN  [restartedMain] [o.s.b.a.s.s.UserDetailsServiceAutoConfiguration] - 

Using generated security password: 02f11d28-50b6-4da1-9fb4-2a34c48abbc3

This generated password is for development use only. Your security configuration must be updated before running your application in production.

2023-11-02 17:16:40.175 INFO  [restartedMain] [o.s.s.web.DefaultSecurityFilterChain] - Will secure any request with [org.springframework.security.web.session.DisableEncodeUrlFilter@5c8bfaf9, org.springframework.security.web.context.request.async.WebAsyncManagerIntegrationFilter@74301d4a, org.springframework.security.web.context.SecurityContextPersistenceFilter@2c2c84cd, org.springframework.security.web.header.HeaderWriterFilter@768bfe26, org.springframework.security.web.authentication.logout.LogoutFilter@6cdda420, org.springframework.security.web.authentication.UsernamePasswordAuthenticationFilter@3342a583, org.springframework.security.web.session.ConcurrentSessionFilter@52832ead, org.springframework.security.web.savedrequest.RequestCacheAwareFilter@644c2117, org.springframework.security.web.servletapi.SecurityContextHolderAwareRequestFilter@5947bfac, org.springframework.security.web.authentication.AnonymousAuthenticationFilter@472894ab, org.springframework.security.web.session.SessionManagementFilter@53c5393, org.springframework.security.web.access.ExceptionTranslationFilter@54a238c1, org.springframework.security.web.access.intercept.FilterSecurityInterceptor@7eff1812]
2023-11-02 17:16:40.334 INFO  [restartedMain] [o.s.b.d.a.OptionalLiveReloadServer] - LiveReload server is running on port 35729
2023-11-02 17:16:40.343 INFO  [restartedMain] [o.apache.coyote.http11.Http11NioProtocol] - Starting ProtocolHandler ["http-nio-8085"]
2023-11-02 17:16:40.353 INFO  [restartedMain] [o.s.b.w.embedded.tomcat.TomcatWebServer] - Tomcat started on port(s): 8085 (http) with context path ''
2023-11-02 17:16:40.360 INFO  [restartedMain] [c.example.thymeleaf.ThymeleafApplication] - Started ThymeleafApplication in 1.156 seconds (JVM running for 1.521)
2023-11-02 17:16:52.370 INFO  [http-nio-8085-exec-1] [o.a.c.c.C.[Tomcat].[localhost].[/]] - Initializing Spring DispatcherServlet 'dispatcherServlet'
2023-11-02 17:16:52.370 INFO  [http-nio-8085-exec-1] [o.s.web.servlet.DispatcherServlet] - Initializing Servlet 'dispatcherServlet'
2023-11-02 17:16:52.371 INFO  [http-nio-8085-exec-1] [o.s.web.servlet.DispatcherServlet] - Completed initialization in 0 ms
2023-11-02 17:17:59.574 INFO  [restartedMain] [c.example.thymeleaf.ThymeleafApplication] - Starting ThymeleafApplication using Java 17.0.7 on stu-08-019 with PID 5340 (D:\sangmin0816\springboot\thymeleaf\build\classes\java\main started by db400tea in D:\sangmin0816\springboot\thymeleaf)
2023-11-02 17:17:59.576 INFO  [restartedMain] [c.example.thymeleaf.ThymeleafApplication] - No active profile set, falling back to 1 default profile: "default"
2023-11-02 17:17:59.600 INFO  [restartedMain] [o.s.b.d.e.DevToolsPropertyDefaultsPostProcessor] - Devtools property defaults active! Set 'spring.devtools.add-properties' to 'false' to disable
2023-11-02 17:17:59.600 INFO  [restartedMain] [o.s.b.d.e.DevToolsPropertyDefaultsPostProcessor] - For additional web related logging consider setting the 'logging.level.web' property to 'DEBUG'
2023-11-02 17:17:59.938 WARN  [restartedMain] [o.m.spring.mapper.ClassPathMapperScanner] - No MyBatis mapper was found in '[com.example.thymeleaf]' package. Please check your configuration.
2023-11-02 17:18:00.160 INFO  [restartedMain] [o.s.b.w.embedded.tomcat.TomcatWebServer] - Tomcat initialized with port(s): 8085 (http)
2023-11-02 17:18:00.164 INFO  [restartedMain] [o.apache.coyote.http11.Http11NioProtocol] - Initializing ProtocolHandler ["http-nio-8085"]
2023-11-02 17:18:00.165 INFO  [restartedMain] [org.apache.catalina.core.StandardService] - Starting service [Tomcat]
2023-11-02 17:18:00.165 INFO  [restartedMain] [org.apache.catalina.core.StandardEngine] - Starting Servlet engine: [Apache Tomcat/9.0.82]
2023-11-02 17:18:00.206 INFO  [restartedMain] [o.a.c.c.C.[Tomcat].[localhost].[/]] - Initializing Spring embedded WebApplicationContext
2023-11-02 17:18:00.207 INFO  [restartedMain] [o.s.b.w.s.c.ServletWebServerApplicationContext] - Root WebApplicationContext: initialization completed in 607 ms
2023-11-02 17:18:00.258 WARN  [restartedMain] [o.s.b.a.s.s.UserDetailsServiceAutoConfiguration] - 

Using generated security password: 0d1f88f4-2ee8-47b0-9022-51589ac1886a

This generated password is for development use only. Your security configuration must be updated before running your application in production.

2023-11-02 17:18:00.306 INFO  [restartedMain] [o.s.b.a.w.s.WelcomePageHandlerMapping] - Adding welcome page template: index
2023-11-02 17:18:00.388 INFO  [restartedMain] [o.s.s.web.DefaultSecurityFilterChain] - Will secure any request with [org.springframework.security.web.session.DisableEncodeUrlFilter@4ca1c112, org.springframework.security.web.context.request.async.WebAsyncManagerIntegrationFilter@5d94773d, org.springframework.security.web.context.SecurityContextPersistenceFilter@3abf5056, org.springframework.security.web.header.HeaderWriterFilter@62489492, org.springframework.security.web.authentication.logout.LogoutFilter@2f69c03e, org.springframework.security.web.authentication.UsernamePasswordAuthenticationFilter@4e371683, org.springframework.security.web.session.ConcurrentSessionFilter@4d5b45b5, org.springframework.security.web.savedrequest.RequestCacheAwareFilter@16ea2725, org.springframework.security.web.servletapi.SecurityContextHolderAwareRequestFilter@5df0d1f7, org.springframework.security.web.authentication.AnonymousAuthenticationFilter@9a68ccb, org.springframework.security.web.session.SessionManagementFilter@15047c55, org.springframework.security.web.access.ExceptionTranslationFilter@6e714a45, org.springframework.security.web.access.intercept.FilterSecurityInterceptor@32470a9a]
2023-11-02 17:18:00.546 INFO  [restartedMain] [o.s.b.d.a.OptionalLiveReloadServer] - LiveReload server is running on port 35729
2023-11-02 17:18:00.556 INFO  [restartedMain] [o.apache.coyote.http11.Http11NioProtocol] - Starting ProtocolHandler ["http-nio-8085"]
2023-11-02 17:18:00.565 INFO  [restartedMain] [o.s.b.w.embedded.tomcat.TomcatWebServer] - Tomcat started on port(s): 8085 (http) with context path ''
2023-11-02 17:18:00.573 INFO  [restartedMain] [c.example.thymeleaf.ThymeleafApplication] - Started ThymeleafApplication in 1.165 seconds (JVM running for 1.569)
2023-11-02 17:18:03.400 INFO  [http-nio-8085-exec-1] [o.a.c.c.C.[Tomcat].[localhost].[/]] - Initializing Spring DispatcherServlet 'dispatcherServlet'
2023-11-02 17:18:03.400 INFO  [http-nio-8085-exec-1] [o.s.web.servlet.DispatcherServlet] - Initializing Servlet 'dispatcherServlet'
2023-11-02 17:18:03.401 INFO  [http-nio-8085-exec-1] [o.s.web.servlet.DispatcherServlet] - Completed initialization in 0 ms
2023-11-02 17:18:21.308 INFO  [restartedMain] [c.example.thymeleaf.ThymeleafApplication] - Starting ThymeleafApplication using Java 17.0.7 on stu-08-019 with PID 11360 (D:\sangmin0816\springboot\thymeleaf\build\classes\java\main started by db400tea in D:\sangmin0816\springboot\thymeleaf)
2023-11-02 17:18:21.310 INFO  [restartedMain] [c.example.thymeleaf.ThymeleafApplication] - No active profile set, falling back to 1 default profile: "default"
2023-11-02 17:18:21.333 INFO  [restartedMain] [o.s.b.d.e.DevToolsPropertyDefaultsPostProcessor] - Devtools property defaults active! Set 'spring.devtools.add-properties' to 'false' to disable
2023-11-02 17:18:21.333 INFO  [restartedMain] [o.s.b.d.e.DevToolsPropertyDefaultsPostProcessor] - For additional web related logging consider setting the 'logging.level.web' property to 'DEBUG'
2023-11-02 17:18:21.667 WARN  [restartedMain] [o.m.spring.mapper.ClassPathMapperScanner] - No MyBatis mapper was found in '[com.example.thymeleaf]' package. Please check your configuration.
2023-11-02 17:18:21.885 INFO  [restartedMain] [o.s.b.w.embedded.tomcat.TomcatWebServer] - Tomcat initialized with port(s): 8085 (http)
2023-11-02 17:18:21.889 INFO  [restartedMain] [o.apache.coyote.http11.Http11NioProtocol] - Initializing ProtocolHandler ["http-nio-8085"]
2023-11-02 17:18:21.890 INFO  [restartedMain] [org.apache.catalina.core.StandardService] - Starting service [Tomcat]
2023-11-02 17:18:21.890 INFO  [restartedMain] [org.apache.catalina.core.StandardEngine] - Starting Servlet engine: [Apache Tomcat/9.0.82]
2023-11-02 17:18:21.932 INFO  [restartedMain] [o.a.c.c.C.[Tomcat].[localhost].[/]] - Initializing Spring embedded WebApplicationContext
2023-11-02 17:18:21.933 INFO  [restartedMain] [o.s.b.w.s.c.ServletWebServerApplicationContext] - Root WebApplicationContext: initialization completed in 600 ms
2023-11-02 17:18:21.985 WARN  [restartedMain] [o.s.b.a.s.s.UserDetailsServiceAutoConfiguration] - 

Using generated security password: 554aabb6-84cb-4503-add6-98b832b74f16

This generated password is for development use only. Your security configuration must be updated before running your application in production.

2023-11-02 17:18:22.032 INFO  [restartedMain] [o.s.b.a.w.s.WelcomePageHandlerMapping] - Adding welcome page template: index
2023-11-02 17:18:22.118 INFO  [restartedMain] [o.s.s.web.DefaultSecurityFilterChain] - Will secure any request with [org.springframework.security.web.session.DisableEncodeUrlFilter@7cf29d6e, org.springframework.security.web.context.request.async.WebAsyncManagerIntegrationFilter@1be889d, org.springframework.security.web.context.SecurityContextPersistenceFilter@113a5407, org.springframework.security.web.header.HeaderWriterFilter@35c047ba, org.springframework.security.web.authentication.logout.LogoutFilter@45bf966c, org.springframework.security.web.authentication.UsernamePasswordAuthenticationFilter@46edd8cf, org.springframework.security.web.session.ConcurrentSessionFilter@44d96c0a, org.springframework.security.web.savedrequest.RequestCacheAwareFilter@62d96555, org.springframework.security.web.servletapi.SecurityContextHolderAwareRequestFilter@32a6e126, org.springframework.security.web.authentication.AnonymousAuthenticationFilter@811a20b, org.springframework.security.web.session.SessionManagementFilter@5dec6624, org.springframework.security.web.access.ExceptionTranslationFilter@701c7ea1, org.springframework.security.web.access.intercept.FilterSecurityInterceptor@6a9b54c]
2023-11-02 17:18:22.274 INFO  [restartedMain] [o.s.b.d.a.OptionalLiveReloadServer] - LiveReload server is running on port 35729
2023-11-02 17:18:22.290 INFO  [restartedMain] [o.apache.coyote.http11.Http11NioProtocol] - Starting ProtocolHandler ["http-nio-8085"]
2023-11-02 17:18:22.301 INFO  [restartedMain] [o.s.b.w.embedded.tomcat.TomcatWebServer] - Tomcat started on port(s): 8085 (http) with context path ''
2023-11-02 17:18:22.308 INFO  [restartedMain] [c.example.thymeleaf.ThymeleafApplication] - Started ThymeleafApplication in 1.168 seconds (JVM running for 1.59)
2023-11-02 17:18:23.500 INFO  [http-nio-8085-exec-1] [o.a.c.c.C.[Tomcat].[localhost].[/]] - Initializing Spring DispatcherServlet 'dispatcherServlet'
2023-11-02 17:18:23.500 INFO  [http-nio-8085-exec-1] [o.s.web.servlet.DispatcherServlet] - Initializing Servlet 'dispatcherServlet'
2023-11-02 17:18:23.500 INFO  [http-nio-8085-exec-1] [o.s.web.servlet.DispatcherServlet] - Completed initialization in 0 ms
2023-11-02 17:22:04.868 INFO  [restartedMain] [c.example.thymeleaf.ThymeleafApplication] - Starting ThymeleafApplication using Java 17.0.7 on stu-08-019 with PID 1700 (D:\sangmin0816\springboot\thymeleaf\build\classes\java\main started by db400tea in D:\sangmin0816\springboot\thymeleaf)
2023-11-02 17:22:04.870 INFO  [restartedMain] [c.example.thymeleaf.ThymeleafApplication] - No active profile set, falling back to 1 default profile: "default"
2023-11-02 17:22:04.894 INFO  [restartedMain] [o.s.b.d.e.DevToolsPropertyDefaultsPostProcessor] - Devtools property defaults active! Set 'spring.devtools.add-properties' to 'false' to disable
2023-11-02 17:22:04.895 INFO  [restartedMain] [o.s.b.d.e.DevToolsPropertyDefaultsPostProcessor] - For additional web related logging consider setting the 'logging.level.web' property to 'DEBUG'
2023-11-02 17:22:05.243 WARN  [restartedMain] [o.m.spring.mapper.ClassPathMapperScanner] - No MyBatis mapper was found in '[com.example.thymeleaf]' package. Please check your configuration.
2023-11-02 17:22:05.454 INFO  [restartedMain] [o.s.b.w.embedded.tomcat.TomcatWebServer] - Tomcat initialized with port(s): 8085 (http)
2023-11-02 17:22:05.459 INFO  [restartedMain] [o.apache.coyote.http11.Http11NioProtocol] - Initializing ProtocolHandler ["http-nio-8085"]
2023-11-02 17:22:05.460 INFO  [restartedMain] [org.apache.catalina.core.StandardService] - Starting service [Tomcat]
2023-11-02 17:22:05.460 INFO  [restartedMain] [org.apache.catalina.core.StandardEngine] - Starting Servlet engine: [Apache Tomcat/9.0.82]
2023-11-02 17:22:05.500 INFO  [restartedMain] [o.a.c.c.C.[Tomcat].[localhost].[/]] - Initializing Spring embedded WebApplicationContext
2023-11-02 17:22:05.500 INFO  [restartedMain] [o.s.b.w.s.c.ServletWebServerApplicationContext] - Root WebApplicationContext: initialization completed in 605 ms
2023-11-02 17:22:05.549 WARN  [restartedMain] [o.s.b.a.s.s.UserDetailsServiceAutoConfiguration] - 

Using generated security password: e8684b1d-ab1c-4fb7-af30-45cfb4285951

This generated password is for development use only. Your security configuration must be updated before running your application in production.

2023-11-02 17:22:05.597 INFO  [restartedMain] [o.s.b.a.w.s.WelcomePageHandlerMapping] - Adding welcome page template: index
2023-11-02 17:22:05.679 INFO  [restartedMain] [o.s.s.web.DefaultSecurityFilterChain] - Will secure any request with [org.springframework.security.web.session.DisableEncodeUrlFilter@6a9b54c, org.springframework.security.web.context.request.async.WebAsyncManagerIntegrationFilter@5f596b81, org.springframework.security.web.context.SecurityContextPersistenceFilter@35c047ba, org.springframework.security.web.header.HeaderWriterFilter@6ec7cc1a, org.springframework.security.web.authentication.logout.LogoutFilter@679887f4, org.springframework.security.web.authentication.UsernamePasswordAuthenticationFilter@166764e8, org.springframework.security.web.session.ConcurrentSessionFilter@180c742f, org.springframework.security.web.savedrequest.RequestCacheAwareFilter@5dec6624, org.springframework.security.web.servletapi.SecurityContextHolderAwareRequestFilter@275691a7, org.springframework.security.web.authentication.AnonymousAuthenticationFilter@12397cc9, org.springframework.security.web.session.SessionManagementFilter@6423e1e1, org.springframework.security.web.access.ExceptionTranslationFilter@30f2ff84, org.springframework.security.web.access.intercept.FilterSecurityInterceptor@4a2eb65c]
2023-11-02 17:22:05.836 INFO  [restartedMain] [o.s.b.d.a.OptionalLiveReloadServer] - LiveReload server is running on port 35729
2023-11-02 17:22:05.844 INFO  [restartedMain] [o.apache.coyote.http11.Http11NioProtocol] - Starting ProtocolHandler ["http-nio-8085"]
2023-11-02 17:22:05.854 INFO  [restartedMain] [o.s.b.w.embedded.tomcat.TomcatWebServer] - Tomcat started on port(s): 8085 (http) with context path ''
2023-11-02 17:22:05.860 INFO  [restartedMain] [c.example.thymeleaf.ThymeleafApplication] - Started ThymeleafApplication in 1.176 seconds (JVM running for 1.585)
2023-11-02 17:22:09.143 INFO  [http-nio-8085-exec-1] [o.a.c.c.C.[Tomcat].[localhost].[/]] - Initializing Spring DispatcherServlet 'dispatcherServlet'
2023-11-02 17:22:09.143 INFO  [http-nio-8085-exec-1] [o.s.web.servlet.DispatcherServlet] - Initializing Servlet 'dispatcherServlet'
2023-11-02 17:22:09.144 INFO  [http-nio-8085-exec-1] [o.s.web.servlet.DispatcherServlet] - Completed initialization in 1 ms
2023-11-02 17:22:09.287 ERROR [http-nio-8085-exec-1] [org.thymeleaf.TemplateEngine] - [THYMELEAF][http-nio-8085-exec-1] Exception processing template "index": An error happened during template parsing (template: "class path resource [templates/index.html]")
org.thymeleaf.exceptions.TemplateInputException: An error happened during template parsing (template: "class path resource [templates/index.html]")
	at org.thymeleaf.templateparser.markup.AbstractMarkupTemplateParser.parse(AbstractMarkupTemplateParser.java:241)
	at org.thymeleaf.templateparser.markup.AbstractMarkupTemplateParser.parseStandalone(AbstractMarkupTemplateParser.java:100)
	at org.thymeleaf.engine.TemplateManager.parseAndProcess(TemplateManager.java:666)
	at org.thymeleaf.TemplateEngine.process(TemplateEngine.java:1098)
	at org.thymeleaf.TemplateEngine.process(TemplateEngine.java:1072)
	at org.thymeleaf.spring5.view.ThymeleafView.renderFragment(ThymeleafView.java:366)
	at org.thymeleaf.spring5.view.ThymeleafView.render(ThymeleafView.java:190)
	at org.springframework.web.servlet.DispatcherServlet.render(DispatcherServlet.java:1406)
	at org.springframework.web.servlet.DispatcherServlet.processDispatchResult(DispatcherServlet.java:1150)
	at org.springframework.web.servlet.DispatcherServlet.doDispatch(DispatcherServlet.java:1089)
	at org.springframework.web.servlet.DispatcherServlet.doService(DispatcherServlet.java:965)
	at org.springframework.web.servlet.FrameworkServlet.processRequest(FrameworkServlet.java:1006)
	at org.springframework.web.servlet.FrameworkServlet.doGet(FrameworkServlet.java:898)
	at javax.servlet.http.HttpServlet.service(HttpServlet.java:529)
	at org.springframework.web.servlet.FrameworkServlet.service(FrameworkServlet.java:883)
	at javax.servlet.http.HttpServlet.service(HttpServlet.java:623)
	at org.apache.catalina.core.ApplicationFilterChain.internalDoFilter(ApplicationFilterChain.java:209)
	at org.apache.catalina.core.ApplicationFilterChain.doFilter(ApplicationFilterChain.java:153)
	at org.apache.tomcat.websocket.server.WsFilter.doFilter(WsFilter.java:51)
	at org.apache.catalina.core.ApplicationFilterChain.internalDoFilter(ApplicationFilterChain.java:178)
	at org.apache.catalina.core.ApplicationFilterChain.doFilter(ApplicationFilterChain.java:153)
	at org.springframework.security.web.FilterChainProxy$VirtualFilterChain.doFilter(FilterChainProxy.java:337)
	at org.springframework.security.web.access.intercept.FilterSecurityInterceptor.invoke(FilterSecurityInterceptor.java:115)
	at org.springframework.security.web.access.intercept.FilterSecurityInterceptor.doFilter(FilterSecurityInterceptor.java:81)
	at org.springframework.security.web.FilterChainProxy$VirtualFilterChain.doFilter(FilterChainProxy.java:346)
	at org.springframework.security.web.access.ExceptionTranslationFilter.doFilter(ExceptionTranslationFilter.java:122)
	at org.springframework.security.web.access.ExceptionTranslationFilter.doFilter(ExceptionTranslationFilter.java:116)
	at org.springframework.security.web.FilterChainProxy$VirtualFilterChain.doFilter(FilterChainProxy.java:346)
	at org.springframework.security.web.session.SessionManagementFilter.doFilter(SessionManagementFilter.java:126)
	at org.springframework.security.web.session.SessionManagementFilter.doFilter(SessionManagementFilter.java:81)
	at org.springframework.security.web.FilterChainProxy$VirtualFilterChain.doFilter(FilterChainProxy.java:346)
	at org.springframework.security.web.authentication.AnonymousAuthenticationFilter.doFilter(AnonymousAuthenticationFilter.java:109)
	at org.springframework.security.web.FilterChainProxy$VirtualFilterChain.doFilter(FilterChainProxy.java:346)
	at org.springframework.security.web.servletapi.SecurityContextHolderAwareRequestFilter.doFilter(SecurityContextHolderAwareRequestFilter.java:149)
	at org.springframework.security.web.FilterChainProxy$VirtualFilterChain.doFilter(FilterChainProxy.java:346)
	at org.springframework.security.web.savedrequest.RequestCacheAwareFilter.doFilter(RequestCacheAwareFilter.java:63)
	at org.springframework.security.web.FilterChainProxy$VirtualFilterChain.doFilter(FilterChainProxy.java:346)
	at org.springframework.security.web.session.ConcurrentSessionFilter.doFilter(ConcurrentSessionFilter.java:147)
	at org.springframework.security.web.session.ConcurrentSessionFilter.doFilter(ConcurrentSessionFilter.java:125)
	at org.springframework.security.web.FilterChainProxy$VirtualFilterChain.doFilter(FilterChainProxy.java:346)
	at org.springframework.security.web.authentication.AbstractAuthenticationProcessingFilter.doFilter(AbstractAuthenticationProcessingFilter.java:223)
	at org.springframework.security.web.authentication.AbstractAuthenticationProcessingFilter.doFilter(AbstractAuthenticationProcessingFilter.java:217)
	at org.springframework.security.web.FilterChainProxy$VirtualFilterChain.doFilter(FilterChainProxy.java:346)
	at org.springframework.security.web.authentication.logout.LogoutFilter.doFilter(LogoutFilter.java:103)
	at org.springframework.security.web.authentication.logout.LogoutFilter.doFilter(LogoutFilter.java:89)
	at org.springframework.security.web.FilterChainProxy$VirtualFilterChain.doFilter(FilterChainProxy.java:346)
	at org.springframework.security.web.header.HeaderWriterFilter.doHeadersAfter(HeaderWriterFilter.java:90)
	at org.springframework.security.web.header.HeaderWriterFilter.doFilterInternal(HeaderWriterFilter.java:75)
	at org.springframework.web.filter.OncePerRequestFilter.doFilter(OncePerRequestFilter.java:117)
	at org.springframework.security.web.FilterChainProxy$VirtualFilterChain.doFilter(FilterChainProxy.java:346)
	at org.springframework.security.web.context.SecurityContextPersistenceFilter.doFilter(SecurityContextPersistenceFilter.java:112)
	at org.springframework.security.web.context.SecurityContextPersistenceFilter.doFilter(SecurityContextPersistenceFilter.java:82)
	at org.springframework.security.web.FilterChainProxy$VirtualFilterChain.doFilter(FilterChainProxy.java:346)
	at org.springframework.security.web.context.request.async.WebAsyncManagerIntegrationFilter.doFilterInternal(WebAsyncManagerIntegrationFilter.java:55)
	at org.springframework.web.filter.OncePerRequestFilter.doFilter(OncePerRequestFilter.java:117)
	at org.springframework.security.web.FilterChainProxy$VirtualFilterChain.doFilter(FilterChainProxy.java:346)
	at org.springframework.security.web.session.DisableEncodeUrlFilter.doFilterInternal(DisableEncodeUrlFilter.java:42)
	at org.springframework.web.filter.OncePerRequestFilter.doFilter(OncePerRequestFilter.java:117)
	at org.springframework.security.web.FilterChainProxy$VirtualFilterChain.doFilter(FilterChainProxy.java:346)
	at org.springframework.security.web.FilterChainProxy.doFilterInternal(FilterChainProxy.java:221)
	at org.springframework.security.web.FilterChainProxy.doFilter(FilterChainProxy.java:186)
	at org.springframework.web.filter.DelegatingFilterProxy.invokeDelegate(DelegatingFilterProxy.java:354)
	at org.springframework.web.filter.DelegatingFilterProxy.doFilter(DelegatingFilterProxy.java:267)
	at org.apache.catalina.core.ApplicationFilterChain.internalDoFilter(ApplicationFilterChain.java:178)
	at org.apache.catalina.core.ApplicationFilterChain.doFilter(ApplicationFilterChain.java:153)
	at org.springframework.web.filter.RequestContextFilter.doFilterInternal(RequestContextFilter.java:100)
	at org.springframework.web.filter.OncePerRequestFilter.doFilter(OncePerRequestFilter.java:117)
	at org.apache.catalina.core.ApplicationFilterChain.internalDoFilter(ApplicationFilterChain.java:178)
	at org.apache.catalina.core.ApplicationFilterChain.doFilter(ApplicationFilterChain.java:153)
	at org.springframework.web.filter.FormContentFilter.doFilterInternal(FormContentFilter.java:93)
	at org.springframework.web.filter.OncePerRequestFilter.doFilter(OncePerRequestFilter.java:117)
	at org.apache.catalina.core.ApplicationFilterChain.internalDoFilter(ApplicationFilterChain.java:178)
	at org.apache.catalina.core.ApplicationFilterChain.doFilter(ApplicationFilterChain.java:153)
	at org.springframework.web.filter.HiddenHttpMethodFilter.doFilterInternal(HiddenHttpMethodFilter.java:94)
	at org.springframework.web.filter.OncePerRequestFilter.doFilter(OncePerRequestFilter.java:117)
	at org.apache.catalina.core.ApplicationFilterChain.internalDoFilter(ApplicationFilterChain.java:178)
	at org.apache.catalina.core.ApplicationFilterChain.doFilter(ApplicationFilterChain.java:153)
	at org.springframework.web.filter.CharacterEncodingFilter.doFilterInternal(CharacterEncodingFilter.java:201)
	at org.springframework.web.filter.OncePerRequestFilter.doFilter(OncePerRequestFilter.java:117)
	at org.apache.catalina.core.ApplicationFilterChain.internalDoFilter(ApplicationFilterChain.java:178)
	at org.apache.catalina.core.ApplicationFilterChain.doFilter(ApplicationFilterChain.java:153)
	at org.apache.catalina.core.StandardWrapperValve.invoke(StandardWrapperValve.java:168)
	at org.apache.catalina.core.StandardContextValve.invoke(StandardContextValve.java:90)
	at org.apache.catalina.authenticator.AuthenticatorBase.invoke(AuthenticatorBase.java:481)
	at org.apache.catalina.core.StandardHostValve.invoke(StandardHostValve.java:130)
	at org.apache.catalina.valves.ErrorReportValve.invoke(ErrorReportValve.java:93)
	at org.apache.catalina.core.StandardEngineValve.invoke(StandardEngineValve.java:74)
	at org.apache.catalina.connector.CoyoteAdapter.service(CoyoteAdapter.java:342)
	at org.apache.coyote.http11.Http11Processor.service(Http11Processor.java:390)
	at org.apache.coyote.AbstractProcessorLight.process(AbstractProcessorLight.java:63)
	at org.apache.coyote.AbstractProtocol$ConnectionHandler.process(AbstractProtocol.java:928)
	at org.apache.tomcat.util.net.NioEndpoint$SocketProcessor.doRun(NioEndpoint.java:1794)
	at org.apache.tomcat.util.net.SocketProcessorBase.run(SocketProcessorBase.java:52)
	at org.apache.tomcat.util.threads.ThreadPoolExecutor.runWorker(ThreadPoolExecutor.java:1191)
	at org.apache.tomcat.util.threads.ThreadPoolExecutor$Worker.run(ThreadPoolExecutor.java:659)
	at org.apache.tomcat.util.threads.TaskThread$WrappingRunnable.run(TaskThread.java:61)
	at java.base/java.lang.Thread.run(Thread.java:833)
Caused by: org.attoparser.ParseException: Exception evaluating SpringEL expression: "not empty sid" (template: "/include/header.html" - line 51, col 26)
	at org.attoparser.MarkupParser.parseDocument(MarkupParser.java:393)
	at org.attoparser.MarkupParser.parse(MarkupParser.java:257)
	at org.thymeleaf.templateparser.markup.AbstractMarkupTemplateParser.parse(AbstractMarkupTemplateParser.java:230)
	... 96 common frames omitted
Caused by: org.thymeleaf.exceptions.TemplateProcessingException: Exception evaluating SpringEL expression: "not empty sid" (template: "/include/header.html" - line 51, col 26)
	at org.thymeleaf.spring5.expression.SPELVariableExpressionEvaluator.evaluate(SPELVariableExpressionEvaluator.java:292)
	at org.thymeleaf.standard.expression.VariableExpression.executeVariableExpression(VariableExpression.java:166)
	at org.thymeleaf.standard.expression.SimpleExpression.executeSimple(SimpleExpression.java:66)
	at org.thymeleaf.standard.expression.Expression.execute(Expression.java:109)
	at org.thymeleaf.standard.expression.Expression.execute(Expression.java:138)
	at org.thymeleaf.standard.expression.Expression.execute(Expression.java:125)
	at org.thymeleaf.standard.processor.StandardIfTagProcessor.isVisible(StandardIfTagProcessor.java:59)
	at org.thymeleaf.standard.processor.AbstractStandardConditionalVisibilityTagProcessor.doProcess(AbstractStandardConditionalVisibilityTagProcessor.java:61)
	at org.thymeleaf.processor.element.AbstractAttributeTagProcessor.doProcess(AbstractAttributeTagProcessor.java:74)
	at org.thymeleaf.processor.element.AbstractElementTagProcessor.process(AbstractElementTagProcessor.java:95)
	at org.thymeleaf.util.ProcessorConfigurationUtils$ElementTagProcessorWrapper.process(ProcessorConfigurationUtils.java:633)
	at org.thymeleaf.engine.ProcessorTemplateHandler.handleOpenElement(ProcessorTemplateHandler.java:1314)
	at org.thymeleaf.engine.OpenElementTag.beHandled(OpenElementTag.java:205)
	at org.thymeleaf.engine.Model.process(Model.java:282)
	at org.thymeleaf.engine.ProcessorTemplateHandler.handleOpenElement(ProcessorTemplateHandler.java:1587)
	at org.thymeleaf.engine.TemplateHandlerAdapterMarkupHandler.handleOpenElementEnd(TemplateHandlerAdapterMarkupHandler.java:304)
	at org.thymeleaf.templateparser.markup.InlinedOutputExpressionMarkupHandler$InlineMarkupAdapterPreProcessorHandler.handleOpenElementEnd(InlinedOutputExpressionMarkupHandler.java:278)
	at org.thymeleaf.standard.inline.OutputExpressionInlinePreProcessorHandler.handleOpenElementEnd(OutputExpressionInlinePreProcessorHandler.java:186)
	at org.thymeleaf.templateparser.markup.InlinedOutputExpressionMarkupHandler.handleOpenElementEnd(InlinedOutputExpressionMarkupHandler.java:124)
	at org.attoparser.HtmlElement.handleOpenElementEnd(HtmlElement.java:109)
	at org.attoparser.HtmlMarkupHandler.handleOpenElementEnd(HtmlMarkupHandler.java:297)
	at org.attoparser.MarkupEventProcessorHandler.handleOpenElementEnd(MarkupEventProcessorHandler.java:402)
	at org.attoparser.ParsingElementMarkupUtil.parseOpenElement(ParsingElementMarkupUtil.java:159)
	at org.attoparser.MarkupParser.parseBuffer(MarkupParser.java:710)
	at org.attoparser.MarkupParser.parseDocument(MarkupParser.java:301)
	... 98 common frames omitted
Caused by: org.springframework.expression.spel.SpelParseException: Expression [not empty sid] @10: EL1041E: After parsing a valid expression, there is still more data in the expression: 'sid'
	at org.springframework.expression.spel.standard.InternalSpelExpressionParser.doParseExpression(InternalSpelExpressionParser.java:144)
	at org.springframework.expression.spel.standard.SpelExpressionParser.doParseExpression(SpelExpressionParser.java:63)
	at org.springframework.expression.spel.standard.SpelExpressionParser.doParseExpression(SpelExpressionParser.java:34)
	at org.springframework.expression.common.TemplateAwareExpressionParser.parseExpression(TemplateAwareExpressionParser.java:56)
	at org.springframework.expression.common.TemplateAwareExpressionParser.parseExpression(TemplateAwareExpressionParser.java:45)
	at org.thymeleaf.spring5.expression.SPELVariableExpressionEvaluator.getExpression(SPELVariableExpressionEvaluator.java:373)
	at org.thymeleaf.spring5.expression.SPELVariableExpressionEvaluator.obtainComputedSpelExpression(SPELVariableExpressionEvaluator.java:321)
	at org.thymeleaf.spring5.expression.SPELVariableExpressionEvaluator.evaluate(SPELVariableExpressionEvaluator.java:182)
	... 122 common frames omitted
2023-11-02 17:22:09.289 ERROR [http-nio-8085-exec-1] [o.a.c.c.C.[.[.[/].[dispatcherServlet]] - Servlet.service() for servlet [dispatcherServlet] in context with path [] threw exception [Request processing failed; nested exception is org.thymeleaf.exceptions.TemplateInputException: An error happened during template parsing (template: "class path resource [templates/index.html]")] with root cause
org.springframework.expression.spel.SpelParseException: Expression [not empty sid] @10: EL1041E: After parsing a valid expression, there is still more data in the expression: 'sid'
	at org.springframework.expression.spel.standard.InternalSpelExpressionParser.doParseExpression(InternalSpelExpressionParser.java:144)
	at org.springframework.expression.spel.standard.SpelExpressionParser.doParseExpression(SpelExpressionParser.java:63)
	at org.springframework.expression.spel.standard.SpelExpressionParser.doParseExpression(SpelExpressionParser.java:34)
	at org.springframework.expression.common.TemplateAwareExpressionParser.parseExpression(TemplateAwareExpressionParser.java:56)
	at org.springframework.expression.common.TemplateAwareExpressionParser.parseExpression(TemplateAwareExpressionParser.java:45)
	at org.thymeleaf.spring5.expression.SPELVariableExpressionEvaluator.getExpression(SPELVariableExpressionEvaluator.java:373)
	at org.thymeleaf.spring5.expression.SPELVariableExpressionEvaluator.obtainComputedSpelExpression(SPELVariableExpressionEvaluator.java:321)
	at org.thymeleaf.spring5.expression.SPELVariableExpressionEvaluator.evaluate(SPELVariableExpressionEvaluator.java:182)
	at org.thymeleaf.standard.expression.VariableExpression.executeVariableExpression(VariableExpression.java:166)
	at org.thymeleaf.standard.expression.SimpleExpression.executeSimple(SimpleExpression.java:66)
	at org.thymeleaf.standard.expression.Expression.execute(Expression.java:109)
	at org.thymeleaf.standard.expression.Expression.execute(Expression.java:138)
	at org.thymeleaf.standard.expression.Expression.execute(Expression.java:125)
	at org.thymeleaf.standard.processor.StandardIfTagProcessor.isVisible(StandardIfTagProcessor.java:59)
	at org.thymeleaf.standard.processor.AbstractStandardConditionalVisibilityTagProcessor.doProcess(AbstractStandardConditionalVisibilityTagProcessor.java:61)
	at org.thymeleaf.processor.element.AbstractAttributeTagProcessor.doProcess(AbstractAttributeTagProcessor.java:74)
	at org.thymeleaf.processor.element.AbstractElementTagProcessor.process(AbstractElementTagProcessor.java:95)
	at org.thymeleaf.util.ProcessorConfigurationUtils$ElementTagProcessorWrapper.process(ProcessorConfigurationUtils.java:633)
	at org.thymeleaf.engine.ProcessorTemplateHandler.handleOpenElement(ProcessorTemplateHandler.java:1314)
	at org.thymeleaf.engine.OpenElementTag.beHandled(OpenElementTag.java:205)
	at org.thymeleaf.engine.Model.process(Model.java:282)
	at org.thymeleaf.engine.ProcessorTemplateHandler.handleOpenElement(ProcessorTemplateHandler.java:1587)
	at org.thymeleaf.engine.TemplateHandlerAdapterMarkupHandler.handleOpenElementEnd(TemplateHandlerAdapterMarkupHandler.java:304)
	at org.thymeleaf.templateparser.markup.InlinedOutputExpressionMarkupHandler$InlineMarkupAdapterPreProcessorHandler.handleOpenElementEnd(InlinedOutputExpressionMarkupHandler.java:278)
	at org.thymeleaf.standard.inline.OutputExpressionInlinePreProcessorHandler.handleOpenElementEnd(OutputExpressionInlinePreProcessorHandler.java:186)
	at org.thymeleaf.templateparser.markup.InlinedOutputExpressionMarkupHandler.handleOpenElementEnd(InlinedOutputExpressionMarkupHandler.java:124)
	at org.attoparser.HtmlElement.handleOpenElementEnd(HtmlElement.java:109)
	at org.attoparser.HtmlMarkupHandler.handleOpenElementEnd(HtmlMarkupHandler.java:297)
	at org.attoparser.MarkupEventProcessorHandler.handleOpenElementEnd(MarkupEventProcessorHandler.java:402)
	at org.attoparser.ParsingElementMarkupUtil.parseOpenElement(ParsingElementMarkupUtil.java:159)
	at org.attoparser.MarkupParser.parseBuffer(MarkupParser.java:710)
	at org.attoparser.MarkupParser.parseDocument(MarkupParser.java:301)
	at org.attoparser.MarkupParser.parse(MarkupParser.java:257)
	at org.thymeleaf.templateparser.markup.AbstractMarkupTemplateParser.parse(AbstractMarkupTemplateParser.java:230)
	at org.thymeleaf.templateparser.markup.AbstractMarkupTemplateParser.parseStandalone(AbstractMarkupTemplateParser.java:100)
	at org.thymeleaf.engine.TemplateManager.parseAndProcess(TemplateManager.java:666)
	at org.thymeleaf.TemplateEngine.process(TemplateEngine.java:1098)
	at org.thymeleaf.TemplateEngine.process(TemplateEngine.java:1072)
	at org.thymeleaf.spring5.view.ThymeleafView.renderFragment(ThymeleafView.java:366)
	at org.thymeleaf.spring5.view.ThymeleafView.render(ThymeleafView.java:190)
	at org.springframework.web.servlet.DispatcherServlet.render(DispatcherServlet.java:1406)
	at org.springframework.web.servlet.DispatcherServlet.processDispatchResult(DispatcherServlet.java:1150)
	at org.springframework.web.servlet.DispatcherServlet.doDispatch(DispatcherServlet.java:1089)
	at org.springframework.web.servlet.DispatcherServlet.doService(DispatcherServlet.java:965)
	at org.springframework.web.servlet.FrameworkServlet.processRequest(FrameworkServlet.java:1006)
	at org.springframework.web.servlet.FrameworkServlet.doGet(FrameworkServlet.java:898)
	at javax.servlet.http.HttpServlet.service(HttpServlet.java:529)
	at org.springframework.web.servlet.FrameworkServlet.service(FrameworkServlet.java:883)
	at javax.servlet.http.HttpServlet.service(HttpServlet.java:623)
	at org.apache.catalina.core.ApplicationFilterChain.internalDoFilter(ApplicationFilterChain.java:209)
	at org.apache.catalina.core.ApplicationFilterChain.doFilter(ApplicationFilterChain.java:153)
	at org.apache.tomcat.websocket.server.WsFilter.doFilter(WsFilter.java:51)
	at org.apache.catalina.core.ApplicationFilterChain.internalDoFilter(ApplicationFilterChain.java:178)
	at org.apache.catalina.core.ApplicationFilterChain.doFilter(ApplicationFilterChain.java:153)
	at org.springframework.security.web.FilterChainProxy$VirtualFilterChain.doFilter(FilterChainProxy.java:337)
	at org.springframework.security.web.access.intercept.FilterSecurityInterceptor.invoke(FilterSecurityInterceptor.java:115)
	at org.springframework.security.web.access.intercept.FilterSecurityInterceptor.doFilter(FilterSecurityInterceptor.java:81)
	at org.springframework.security.web.FilterChainProxy$VirtualFilterChain.doFilter(FilterChainProxy.java:346)
	at org.springframework.security.web.access.ExceptionTranslationFilter.doFilter(ExceptionTranslationFilter.java:122)
	at org.springframework.security.web.access.ExceptionTranslationFilter.doFilter(ExceptionTranslationFilter.java:116)
	at org.springframework.security.web.FilterChainProxy$VirtualFilterChain.doFilter(FilterChainProxy.java:346)
	at org.springframework.security.web.session.SessionManagementFilter.doFilter(SessionManagementFilter.java:126)
	at org.springframework.security.web.session.SessionManagementFilter.doFilter(SessionManagementFilter.java:81)
	at org.springframework.security.web.FilterChainProxy$VirtualFilterChain.doFilter(FilterChainProxy.java:346)
	at org.springframework.security.web.authentication.AnonymousAuthenticationFilter.doFilter(AnonymousAuthenticationFilter.java:109)
	at org.springframework.security.web.FilterChainProxy$VirtualFilterChain.doFilter(FilterChainProxy.java:346)
	at org.springframework.security.web.servletapi.SecurityContextHolderAwareRequestFilter.doFilter(SecurityContextHolderAwareRequestFilter.java:149)
	at org.springframework.security.web.FilterChainProxy$VirtualFilterChain.doFilter(FilterChainProxy.java:346)
	at org.springframework.security.web.savedrequest.RequestCacheAwareFilter.doFilter(RequestCacheAwareFilter.java:63)
	at org.springframework.security.web.FilterChainProxy$VirtualFilterChain.doFilter(FilterChainProxy.java:346)
	at org.springframework.security.web.session.ConcurrentSessionFilter.doFilter(ConcurrentSessionFilter.java:147)
	at org.springframework.security.web.session.ConcurrentSessionFilter.doFilter(ConcurrentSessionFilter.java:125)
	at org.springframework.security.web.FilterChainProxy$VirtualFilterChain.doFilter(FilterChainProxy.java:346)
	at org.springframework.security.web.authentication.AbstractAuthenticationProcessingFilter.doFilter(AbstractAuthenticationProcessingFilter.java:223)
	at org.springframework.security.web.authentication.AbstractAuthenticationProcessingFilter.doFilter(AbstractAuthenticationProcessingFilter.java:217)
	at org.springframework.security.web.FilterChainProxy$VirtualFilterChain.doFilter(FilterChainProxy.java:346)
	at org.springframework.security.web.authentication.logout.LogoutFilter.doFilter(LogoutFilter.java:103)
	at org.springframework.security.web.authentication.logout.LogoutFilter.doFilter(LogoutFilter.java:89)
	at org.springframework.security.web.FilterChainProxy$VirtualFilterChain.doFilter(FilterChainProxy.java:346)
	at org.springframework.security.web.header.HeaderWriterFilter.doHeadersAfter(HeaderWriterFilter.java:90)
	at org.springframework.security.web.header.HeaderWriterFilter.doFilterInternal(HeaderWriterFilter.java:75)
	at org.springframework.web.filter.OncePerRequestFilter.doFilter(OncePerRequestFilter.java:117)
	at org.springframework.security.web.FilterChainProxy$VirtualFilterChain.doFilter(FilterChainProxy.java:346)
	at org.springframework.security.web.context.SecurityContextPersistenceFilter.doFilter(SecurityContextPersistenceFilter.java:112)
	at org.springframework.security.web.context.SecurityContextPersistenceFilter.doFilter(SecurityContextPersistenceFilter.java:82)
	at org.springframework.security.web.FilterChainProxy$VirtualFilterChain.doFilter(FilterChainProxy.java:346)
	at org.springframework.security.web.context.request.async.WebAsyncManagerIntegrationFilter.doFilterInternal(WebAsyncManagerIntegrationFilter.java:55)
	at org.springframework.web.filter.OncePerRequestFilter.doFilter(OncePerRequestFilter.java:117)
	at org.springframework.security.web.FilterChainProxy$VirtualFilterChain.doFilter(FilterChainProxy.java:346)
	at org.springframework.security.web.session.DisableEncodeUrlFilter.doFilterInternal(DisableEncodeUrlFilter.java:42)
	at org.springframework.web.filter.OncePerRequestFilter.doFilter(OncePerRequestFilter.java:117)
	at org.springframework.security.web.FilterChainProxy$VirtualFilterChain.doFilter(FilterChainProxy.java:346)
	at org.springframework.security.web.FilterChainProxy.doFilterInternal(FilterChainProxy.java:221)
	at org.springframework.security.web.FilterChainProxy.doFilter(FilterChainProxy.java:186)
	at org.springframework.web.filter.DelegatingFilterProxy.invokeDelegate(DelegatingFilterProxy.java:354)
	at org.springframework.web.filter.DelegatingFilterProxy.doFilter(DelegatingFilterProxy.java:267)
	at org.apache.catalina.core.ApplicationFilterChain.internalDoFilter(ApplicationFilterChain.java:178)
	at org.apache.catalina.core.ApplicationFilterChain.doFilter(ApplicationFilterChain.java:153)
	at org.springframework.web.filter.RequestContextFilter.doFilterInternal(RequestContextFilter.java:100)
	at org.springframework.web.filter.OncePerRequestFilter.doFilter(OncePerRequestFilter.java:117)
	at org.apache.catalina.core.ApplicationFilterChain.internalDoFilter(ApplicationFilterChain.java:178)
	at org.apache.catalina.core.ApplicationFilterChain.doFilter(ApplicationFilterChain.java:153)
	at org.springframework.web.filter.FormContentFilter.doFilterInternal(FormContentFilter.java:93)
	at org.springframework.web.filter.OncePerRequestFilter.doFilter(OncePerRequestFilter.java:117)
	at org.apache.catalina.core.ApplicationFilterChain.internalDoFilter(ApplicationFilterChain.java:178)
	at org.apache.catalina.core.ApplicationFilterChain.doFilter(ApplicationFilterChain.java:153)
	at org.springframework.web.filter.HiddenHttpMethodFilter.doFilterInternal(HiddenHttpMethodFilter.java:94)
	at org.springframework.web.filter.OncePerRequestFilter.doFilter(OncePerRequestFilter.java:117)
	at org.apache.catalina.core.ApplicationFilterChain.internalDoFilter(ApplicationFilterChain.java:178)
	at org.apache.catalina.core.ApplicationFilterChain.doFilter(ApplicationFilterChain.java:153)
	at org.springframework.web.filter.CharacterEncodingFilter.doFilterInternal(CharacterEncodingFilter.java:201)
	at org.springframework.web.filter.OncePerRequestFilter.doFilter(OncePerRequestFilter.java:117)
	at org.apache.catalina.core.ApplicationFilterChain.internalDoFilter(ApplicationFilterChain.java:178)
	at org.apache.catalina.core.ApplicationFilterChain.doFilter(ApplicationFilterChain.java:153)
	at org.apache.catalina.core.StandardWrapperValve.invoke(StandardWrapperValve.java:168)
	at org.apache.catalina.core.StandardContextValve.invoke(StandardContextValve.java:90)
	at org.apache.catalina.authenticator.AuthenticatorBase.invoke(AuthenticatorBase.java:481)
	at org.apache.catalina.core.StandardHostValve.invoke(StandardHostValve.java:130)
	at org.apache.catalina.valves.ErrorReportValve.invoke(ErrorReportValve.java:93)
	at org.apache.catalina.core.StandardEngineValve.invoke(StandardEngineValve.java:74)
	at org.apache.catalina.connector.CoyoteAdapter.service(CoyoteAdapter.java:342)
	at org.apache.coyote.http11.Http11Processor.service(Http11Processor.java:390)
	at org.apache.coyote.AbstractProcessorLight.process(AbstractProcessorLight.java:63)
	at org.apache.coyote.AbstractProtocol$ConnectionHandler.process(AbstractProtocol.java:928)
	at org.apache.tomcat.util.net.NioEndpoint$SocketProcessor.doRun(NioEndpoint.java:1794)
	at org.apache.tomcat.util.net.SocketProcessorBase.run(SocketProcessorBase.java:52)
	at org.apache.tomcat.util.threads.ThreadPoolExecutor.runWorker(ThreadPoolExecutor.java:1191)
	at org.apache.tomcat.util.threads.ThreadPoolExecutor$Worker.run(ThreadPoolExecutor.java:659)
	at org.apache.tomcat.util.threads.TaskThread$WrappingRunnable.run(TaskThread.java:61)
	at java.base/java.lang.Thread.run(Thread.java:833)
2023-11-02 17:23:40.682 INFO  [restartedMain] [c.example.thymeleaf.ThymeleafApplication] - Starting ThymeleafApplication using Java 17.0.7 on stu-08-019 with PID 17240 (D:\sangmin0816\springboot\thymeleaf\build\classes\java\main started by db400tea in D:\sangmin0816\springboot\thymeleaf)
2023-11-02 17:23:40.684 INFO  [restartedMain] [c.example.thymeleaf.ThymeleafApplication] - No active profile set, falling back to 1 default profile: "default"
2023-11-02 17:23:40.712 INFO  [restartedMain] [o.s.b.d.e.DevToolsPropertyDefaultsPostProcessor] - Devtools property defaults active! Set 'spring.devtools.add-properties' to 'false' to disable
2023-11-02 17:23:40.712 INFO  [restartedMain] [o.s.b.d.e.DevToolsPropertyDefaultsPostProcessor] - For additional web related logging consider setting the 'logging.level.web' property to 'DEBUG'
2023-11-02 17:23:41.059 WARN  [restartedMain] [o.m.spring.mapper.ClassPathMapperScanner] - No MyBatis mapper was found in '[com.example.thymeleaf]' package. Please check your configuration.
2023-11-02 17:23:41.270 INFO  [restartedMain] [o.s.b.w.embedded.tomcat.TomcatWebServer] - Tomcat initialized with port(s): 8085 (http)
2023-11-02 17:23:41.275 INFO  [restartedMain] [o.apache.coyote.http11.Http11NioProtocol] - Initializing ProtocolHandler ["http-nio-8085"]
2023-11-02 17:23:41.276 INFO  [restartedMain] [org.apache.catalina.core.StandardService] - Starting service [Tomcat]
2023-11-02 17:23:41.276 INFO  [restartedMain] [org.apache.catalina.core.StandardEngine] - Starting Servlet engine: [Apache Tomcat/9.0.82]
2023-11-02 17:23:41.313 INFO  [restartedMain] [o.a.c.c.C.[Tomcat].[localhost].[/]] - Initializing Spring embedded WebApplicationContext
2023-11-02 17:23:41.313 INFO  [restartedMain] [o.s.b.w.s.c.ServletWebServerApplicationContext] - Root WebApplicationContext: initialization completed in 600 ms
2023-11-02 17:23:41.366 WARN  [restartedMain] [o.s.b.a.s.s.UserDetailsServiceAutoConfiguration] - 

Using generated security password: 17297158-6f7c-4ed2-b552-5cfa170a4d53

This generated password is for development use only. Your security configuration must be updated before running your application in production.

2023-11-02 17:23:41.411 INFO  [restartedMain] [o.s.b.a.w.s.WelcomePageHandlerMapping] - Adding welcome page template: index
2023-11-02 17:23:41.494 INFO  [restartedMain] [o.s.s.web.DefaultSecurityFilterChain] - Will secure any request with [org.springframework.security.web.session.DisableEncodeUrlFilter@78e1f7b9, org.springframework.security.web.context.request.async.WebAsyncManagerIntegrationFilter@4f5c1adb, org.springframework.security.web.context.SecurityContextPersistenceFilter@2aa5c546, org.springframework.security.web.header.HeaderWriterFilter@137219c9, org.springframework.security.web.authentication.logout.LogoutFilter@39ac0623, org.springframework.security.web.authentication.UsernamePasswordAuthenticationFilter@2763bff1, org.springframework.security.web.session.ConcurrentSessionFilter@2a8ba0e, org.springframework.security.web.savedrequest.RequestCacheAwareFilter@56a7ac09, org.springframework.security.web.servletapi.SecurityContextHolderAwareRequestFilter@57dafe59, org.springframework.security.web.authentication.AnonymousAuthenticationFilter@621a87ff, org.springframework.security.web.session.SessionManagementFilter@47203ae6, org.springframework.security.web.access.ExceptionTranslationFilter@4a9d3d89, org.springframework.security.web.access.intercept.FilterSecurityInterceptor@2cbf474b]
2023-11-02 17:23:41.649 INFO  [restartedMain] [o.s.b.d.a.OptionalLiveReloadServer] - LiveReload server is running on port 35729
2023-11-02 17:23:41.658 INFO  [restartedMain] [o.apache.coyote.http11.Http11NioProtocol] - Starting ProtocolHandler ["http-nio-8085"]
2023-11-02 17:23:41.668 INFO  [restartedMain] [o.s.b.w.embedded.tomcat.TomcatWebServer] - Tomcat started on port(s): 8085 (http) with context path ''
2023-11-02 17:23:41.674 INFO  [restartedMain] [c.example.thymeleaf.ThymeleafApplication] - Started ThymeleafApplication in 1.166 seconds (JVM running for 1.59)
2023-11-02 17:23:46.610 INFO  [http-nio-8085-exec-1] [o.a.c.c.C.[Tomcat].[localhost].[/]] - Initializing Spring DispatcherServlet 'dispatcherServlet'
2023-11-02 17:23:46.610 INFO  [http-nio-8085-exec-1] [o.s.web.servlet.DispatcherServlet] - Initializing Servlet 'dispatcherServlet'
2023-11-02 17:23:46.611 INFO  [http-nio-8085-exec-1] [o.s.web.servlet.DispatcherServlet] - Completed initialization in 1 ms
