2023-11-05 16:47:52.902 INFO  [restartedMain] [com.tmall.project5.Project5Application] - Starting Project5Application using Java 17.0.8 on 3Star-SANGMIN with PID 19472 (D:\sangmin0816\springboot\project5\build\classes\java\main started by User in D:\sangmin0816\springboot\project5)
2023-11-05 16:47:53.164 INFO  [restartedMain] [com.tmall.project5.Project5Application] - No active profile set, falling back to 1 default profile: "default"
2023-11-05 16:47:53.467 INFO  [restartedMain] [o.s.b.d.e.DevToolsPropertyDefaultsPostProcessor] - Devtools property defaults active! Set 'spring.devtools.add-properties' to 'false' to disable
2023-11-05 16:47:53.468 INFO  [restartedMain] [o.s.b.d.e.DevToolsPropertyDefaultsPostProcessor] - For additional web related logging consider setting the 'logging.level.web' property to 'DEBUG'
2023-11-05 16:47:59.325 INFO  [restartedMain] [o.s.b.w.embedded.tomcat.TomcatWebServer] - Tomcat initialized with port(s): 8085 (http)
2023-11-05 16:47:59.348 INFO  [restartedMain] [o.apache.coyote.http11.Http11NioProtocol] - Initializing ProtocolHandler ["http-nio-8085"]
2023-11-05 16:47:59.351 INFO  [restartedMain] [org.apache.catalina.core.StandardService] - Starting service [Tomcat]
2023-11-05 16:47:59.352 INFO  [restartedMain] [org.apache.catalina.core.StandardEngine] - Starting Servlet engine: [Apache Tomcat/9.0.82]
2023-11-05 16:48:00.600 INFO  [restartedMain] [org.apache.jasper.servlet.TldScanner] - At least one JAR was scanned for TLDs yet contained no TLDs. Enable debug logging for this logger for a complete list of JARs that were scanned but no TLDs were found in them. Skipping unneeded JARs during scanning can improve startup time and JSP compilation time.
2023-11-05 16:48:00.655 INFO  [restartedMain] [o.a.c.c.C.[Tomcat].[localhost].[/]] - Initializing Spring embedded WebApplicationContext
2023-11-05 16:48:00.656 INFO  [restartedMain] [o.s.b.w.s.c.ServletWebServerApplicationContext] - Root WebApplicationContext: initialization completed in 7186 ms
2023-11-05 16:48:02.254 INFO  [restartedMain] [o.s.b.a.w.s.WelcomePageHandlerMapping] - Adding welcome page template: index
2023-11-05 16:48:02.891 INFO  [restartedMain] [o.s.s.web.DefaultSecurityFilterChain] - Will secure any request with [org.springframework.security.web.session.DisableEncodeUrlFilter@2f2207c6, org.springframework.security.web.context.request.async.WebAsyncManagerIntegrationFilter@79e16882, org.springframework.security.web.context.SecurityContextPersistenceFilter@66cac650, org.springframework.security.web.header.HeaderWriterFilter@3356c12e, org.springframework.security.web.authentication.logout.LogoutFilter@4379c245, org.springframework.security.web.authentication.UsernamePasswordAuthenticationFilter@a782c73, org.springframework.security.web.session.ConcurrentSessionFilter@3deffb31, org.springframework.security.web.savedrequest.RequestCacheAwareFilter@4bb3fd65, org.springframework.security.web.servletapi.SecurityContextHolderAwareRequestFilter@6dcfc7df, org.springframework.security.web.authentication.AnonymousAuthenticationFilter@6459b086, org.springframework.security.web.session.SessionManagementFilter@2b788d06, org.springframework.security.web.access.ExceptionTranslationFilter@43af4aae, org.springframework.security.web.access.intercept.FilterSecurityInterceptor@32281d36]
2023-11-05 16:48:03.954 WARN  [restartedMain] [o.s.b.d.a.OptionalLiveReloadServer] - Unable to start LiveReload server
2023-11-05 16:48:04.026 INFO  [restartedMain] [o.apache.coyote.http11.Http11NioProtocol] - Starting ProtocolHandler ["http-nio-8085"]
2023-11-05 16:48:04.128 INFO  [restartedMain] [o.s.b.w.embedded.tomcat.TomcatWebServer] - Tomcat started on port(s): 8085 (http) with context path ''
2023-11-05 16:48:04.166 INFO  [restartedMain] [com.tmall.project5.Project5Application] - Started Project5Application in 13.681 seconds (JVM running for 18.216)
2023-11-05 16:49:26.657 INFO  [restartedMain] [com.tmall.project5.Project5Application] - Starting Project5Application using Java 17.0.8 on 3Star-SANGMIN with PID 7600 (D:\sangmin0816\springboot\project5\build\classes\java\main started by User in D:\sangmin0816\springboot\project5)
2023-11-05 16:49:26.661 INFO  [restartedMain] [com.tmall.project5.Project5Application] - No active profile set, falling back to 1 default profile: "default"
2023-11-05 16:49:26.736 INFO  [restartedMain] [o.s.b.d.e.DevToolsPropertyDefaultsPostProcessor] - Devtools property defaults active! Set 'spring.devtools.add-properties' to 'false' to disable
2023-11-05 16:49:26.736 INFO  [restartedMain] [o.s.b.d.e.DevToolsPropertyDefaultsPostProcessor] - For additional web related logging consider setting the 'logging.level.web' property to 'DEBUG'
2023-11-05 16:49:28.343 INFO  [restartedMain] [o.s.b.w.embedded.tomcat.TomcatWebServer] - Tomcat initialized with port(s): 8085 (http)
2023-11-05 16:49:28.352 INFO  [restartedMain] [o.apache.coyote.http11.Http11NioProtocol] - Initializing ProtocolHandler ["http-nio-8085"]
2023-11-05 16:49:28.354 INFO  [restartedMain] [org.apache.catalina.core.StandardService] - Starting service [Tomcat]
2023-11-05 16:49:28.354 INFO  [restartedMain] [org.apache.catalina.core.StandardEngine] - Starting Servlet engine: [Apache Tomcat/9.0.82]
2023-11-05 16:49:28.653 INFO  [restartedMain] [org.apache.jasper.servlet.TldScanner] - At least one JAR was scanned for TLDs yet contained no TLDs. Enable debug logging for this logger for a complete list of JARs that were scanned but no TLDs were found in them. Skipping unneeded JARs during scanning can improve startup time and JSP compilation time.
2023-11-05 16:49:28.662 INFO  [restartedMain] [o.a.c.c.C.[Tomcat].[localhost].[/]] - Initializing Spring embedded WebApplicationContext
2023-11-05 16:49:28.662 INFO  [restartedMain] [o.s.b.w.s.c.ServletWebServerApplicationContext] - Root WebApplicationContext: initialization completed in 1925 ms
2023-11-05 16:49:29.080 INFO  [restartedMain] [o.s.b.a.w.s.WelcomePageHandlerMapping] - Adding welcome page template: index
2023-11-05 16:49:29.302 INFO  [restartedMain] [o.s.s.web.DefaultSecurityFilterChain] - Will secure any request with [org.springframework.security.web.session.DisableEncodeUrlFilter@477257f5, org.springframework.security.web.context.request.async.WebAsyncManagerIntegrationFilter@f48b0f1, org.springframework.security.web.context.SecurityContextPersistenceFilter@25871444, org.springframework.security.web.header.HeaderWriterFilter@42f4222b, org.springframework.security.web.authentication.logout.LogoutFilter@4588d1db, org.springframework.security.web.authentication.UsernamePasswordAuthenticationFilter@19ce0e0a, org.springframework.security.web.session.ConcurrentSessionFilter@718839f7, org.springframework.security.web.savedrequest.RequestCacheAwareFilter@487f938, org.springframework.security.web.servletapi.SecurityContextHolderAwareRequestFilter@7ba8a848, org.springframework.security.web.authentication.AnonymousAuthenticationFilter@76a2b92f, org.springframework.security.web.session.SessionManagementFilter@442309cb, org.springframework.security.web.access.ExceptionTranslationFilter@41ba6e03, org.springframework.security.web.access.intercept.FilterSecurityInterceptor@3d7dd34f]
2023-11-05 16:49:29.569 INFO  [restartedMain] [o.s.b.d.a.OptionalLiveReloadServer] - LiveReload server is running on port 35729
2023-11-05 16:49:29.595 INFO  [restartedMain] [o.apache.coyote.http11.Http11NioProtocol] - Starting ProtocolHandler ["http-nio-8085"]
2023-11-05 16:49:29.601 WARN  [restartedMain] [o.s.b.w.s.c.AnnotationConfigServletWebServerApplicationContext] - Exception encountered during context initialization - cancelling refresh attempt: org.springframework.context.ApplicationContextException: Failed to start bean 'webServerStartStop'; nested exception is org.springframework.boot.web.server.PortInUseException: Port 8085 is already in use
2023-11-05 16:49:29.608 INFO  [restartedMain] [o.apache.coyote.http11.Http11NioProtocol] - Pausing ProtocolHandler ["http-nio-8085"]
2023-11-05 16:49:29.609 INFO  [restartedMain] [org.apache.catalina.core.StandardService] - Stopping service [Tomcat]
2023-11-05 16:49:29.616 INFO  [restartedMain] [o.apache.coyote.http11.Http11NioProtocol] - Stopping ProtocolHandler ["http-nio-8085"]
2023-11-05 16:49:29.617 INFO  [restartedMain] [o.apache.coyote.http11.Http11NioProtocol] - Destroying ProtocolHandler ["http-nio-8085"]
2023-11-05 16:49:29.628 INFO  [restartedMain] [o.s.b.a.l.ConditionEvaluationReportLoggingListener] - 

Error starting ApplicationContext. To display the conditions report re-run your application with 'debug' enabled.
2023-11-05 16:49:29.667 ERROR [restartedMain] [o.s.b.d.LoggingFailureAnalysisReporter] - 

***************************
APPLICATION FAILED TO START
***************************

Description:

Web server failed to start. Port 8085 was already in use.

Action:

Identify and stop the process that's listening on port 8085 or configure this application to listen on another port.

2023-11-05 16:49:40.878 INFO  [http-nio-8085-exec-3] [o.a.c.c.C.[Tomcat].[localhost].[/]] - Initializing Spring DispatcherServlet 'dispatcherServlet'
2023-11-05 16:49:40.878 INFO  [http-nio-8085-exec-3] [o.s.web.servlet.DispatcherServlet] - Initializing Servlet 'dispatcherServlet'
2023-11-05 16:49:40.880 INFO  [http-nio-8085-exec-3] [o.s.web.servlet.DispatcherServlet] - Completed initialization in 2 ms
2023-11-05 16:49:41.864 WARN  [http-nio-8085-exec-3] [o.a.catalina.util.SessionIdGeneratorBase] - Creation of SecureRandom instance for session ID generation using [SHA1PRNG] took [143] milliseconds.
2023-11-05 16:50:07.676 INFO  [http-nio-8085-exec-6] [com.zaxxer.hikari.HikariDataSource] - HikariPool-1 - Starting...
2023-11-05 16:50:07.781 INFO  [http-nio-8085-exec-6] [com.zaxxer.hikari.HikariDataSource] - HikariPool-1 - Start completed.
2023-11-05 16:51:10.834 INFO  [SpringApplicationShutdownHook] [com.zaxxer.hikari.HikariDataSource] - HikariPool-1 - Shutdown initiated...
2023-11-05 16:51:10.840 INFO  [SpringApplicationShutdownHook] [com.zaxxer.hikari.HikariDataSource] - HikariPool-1 - Shutdown completed.
